#
# A fatal error has been detected by the Java Runtime Environment:
#
#  Internal Error (generateOopMap.cpp:2164), pid=4248, tid=13571
#  fatal error: Illegal class file encountered. Try running with -Xverify:all in method testProcess
#
# JRE version: OpenJDK Runtime Environment Corretto-11.0.11.9.1 (11.0.11+9) (build 11.0.11+9-LTS)
# Java VM: OpenJDK 64-Bit Server VM Corretto-11.0.11.9.1 (11.0.11+9-LTS, mixed mode, tiered, compressed oops, g1 gc, bsd-amd64)
# No core dump will be written. Core dumps have been disabled. To enable core dumping, try "ulimit -c unlimited" before starting Java again
#
# If you would like to submit a bug report, please visit:
#   https://github.com/corretto/corretto-11/issues/
#

---------------  S U M M A R Y ------------

Command Line: -agentlib:jdwp=transport=dt_socket,address=127.0.0.1:52764,suspend=y,server=n -ea -Didea.test.cyclic.buffer.size=1048576 -javaagent:/Users/kangchieh/Library/Caches/JetBrains/IdeaIC2021.1/captureAgent/debugger-agent.jar -Dfile.encoding=UTF-8 com.intellij.rt.junit.JUnitStarter -ideVersion5 -junit4 Likelihood_Detection

Host: MacBookPro15,4 x86_64 1400 MHz, 8 cores, 16G, Darwin 20.3.0
Time: Thu Jun 17 16:20:51 2021 CEST elapsed time: 1577.345707 seconds (0d 0h 26m 17s)

---------------  T H R E A D  ---------------

Current thread (0x00007fcd87081000):  VMThread "VM Thread" [stack: 0x000070000cdff000,0x000070000ceff000] [id=13571]

Stack: [0x000070000cdff000,0x000070000ceff000],  sp=0x000070000cefde00,  free space=1019k
Native frames: (J=compiled Java code, A=aot compiled Java code, j=interpreted, Vv=VM code, C=native code)
V  [libjvm.dylib+0x7d77c1]  VMError::report_and_die(int, char const*, char const*, __va_list_tag*, Thread*, unsigned char*, void*, void*, char const*, int, unsigned long)+0x677
V  [libjvm.dylib+0x7d7f08]  VMError::report_and_die(Thread*, void*, char const*, int, char const*, char const*, __va_list_tag*)+0x4a
V  [libjvm.dylib+0x27bbf4]  report_fatal(char const*, int, char const*, ...)+0xba
V  [libjvm.dylib+0x36ca90]  GenerateOopMap::error_work(char const*, __va_list_tag*)+0xee
V  [libjvm.dylib+0x369db5]  GenerateOopMap::report_error(char const*, ...)+0x8d
V  [libjvm.dylib+0x36a298]  GenerateOopMap::get_var(int)+0x16
V  [libjvm.dylib+0x36bbe3]  GenerateOopMap::ppload(CellTypeState*, int)+0x29
V  [libjvm.dylib+0x36a9ea]  GenerateOopMap::interp_bb(BasicBlock*)+0xe2
V  [libjvm.dylib+0x36a704]  GenerateOopMap::interp_all()+0x42
V  [libjvm.dylib+0x36a41b]  GenerateOopMap::do_interpretation()+0x4b
V  [libjvm.dylib+0x36c8b4]  GenerateOopMap::compute_map(Thread*)+0x176
V  [libjvm.dylib+0x623f9a]  OopMapForCacheEntry::compute_map(Thread*)+0x54
V  [libjvm.dylib+0x6247b6]  OopMapCacheEntry::fill(methodHandle const&, int)+0xa0
V  [libjvm.dylib+0x6250fd]  OopMapCache::compute_one_oop_map(methodHandle const&, int, InterpreterOopMap*)+0x71
V  [libjvm.dylib+0x5e6d17]  Method::mask_for(int, InterpreterOopMap*)+0x7f
V  [libjvm.dylib+0x4de2b9]  VM_GetOrSetLocal::doit()+0x45
V  [libjvm.dylib+0x7d95c1]  VM_Operation::evaluate()+0xd5
V  [libjvm.dylib+0x7e1606]  VMThread::evaluate_operation(VM_Operation*)+0x174
V  [libjvm.dylib+0x7e11c5]  VMThread::loop()+0x369
V  [libjvm.dylib+0x7e0d6e]  VMThread::run()+0x6e
V  [libjvm.dylib+0x78975c]  Thread::call_run()+0x68
V  [libjvm.dylib+0x62dd6f]  thread_native_entry(Thread*)+0x138
C  [libsystem_pthread.dylib+0x6950]  _pthread_start+0xe0
C  [libsystem_pthread.dylib+0x247b]  thread_start+0xf

VM_Operation (0x000070000d91fa80): GetOrSetLocal, mode: safepoint, requested by thread 0x00007fcd8a810800


---------------  P R O C E S S  ---------------

Threads class SMR info:
_java_thread_list=0x00007fcd89d08480, length=12, elements={
0x00007fcd8681d800, 0x00007fcd87081800, 0x00007fcd87082800, 0x00007fcd8686e800,
0x00007fcd86871800, 0x00007fcd86872800, 0x00007fcd87084000, 0x00007fcd87084800,
0x00007fcd868c3800, 0x00007fcd8a810800, 0x00007fcd8b80c800, 0x00007fcd868c6000
}
_to_delete_list=0x00007fcd86437fe0, length=11, elements={
0x00007fcd8681d800, 0x00007fcd87081800, 0x00007fcd87082800, 0x00007fcd8686e800,
0x00007fcd86871800, 0x00007fcd86872800, 0x00007fcd87084000, 0x00007fcd87084800,
0x00007fcd868c3800, 0x00007fcd8a810800, 0x00007fcd8b80c800
}

Java Threads: ( => current thread )
  0x00007fcd8681d800 JavaThread "main" [_thread_blocked, id=9987, stack(0x000070000c7ed000,0x000070000c8ed000)]
  0x00007fcd87081800 JavaThread "Reference Handler" daemon [_thread_blocked, id=18435, stack(0x000070000cf02000,0x000070000d002000)]
  0x00007fcd87082800 JavaThread "Finalizer" daemon [_thread_blocked, id=14339, stack(0x000070000d005000,0x000070000d105000)]
  0x00007fcd8686e800 JavaThread "Signal Dispatcher" daemon [_thread_blocked, id=22019, stack(0x000070000d20e000,0x000070000d30e000)]
  0x00007fcd86871800 JavaThread "Service Thread" daemon [_thread_blocked, id=42755, stack(0x000070000d311000,0x000070000d411000)]
  0x00007fcd86872800 JavaThread "C2 CompilerThread0" daemon [_thread_blocked, id=42243, stack(0x000070000d414000,0x000070000d514000)]
  0x00007fcd87084000 JavaThread "C1 CompilerThread0" daemon [_thread_blocked, id=23299, stack(0x000070000d517000,0x000070000d617000)]
  0x00007fcd87084800 JavaThread "Sweeper thread" daemon [_thread_blocked, id=41475, stack(0x000070000d61a000,0x000070000d71a000)]
  0x00007fcd868c3800 JavaThread "Common-Cleaner" daemon [_thread_blocked, id=40963, stack(0x000070000d71d000,0x000070000d81d000)]
  0x00007fcd8a810800 JavaThread "JDWP Transport Listener: dt_socket" daemon [_thread_blocked, id=24067, stack(0x000070000d820000,0x000070000d920000)] _threads_hazard_ptr=0x00007fcd89d08480
  0x00007fcd8b80c800 JavaThread "JDWP Event Helper Thread" daemon [_thread_blocked, id=40195, stack(0x000070000d923000,0x000070000da23000)]
  0x00007fcd868c6000 JavaThread "JDWP Command Reader" daemon [_thread_in_native, id=39939, stack(0x000070000da26000,0x000070000db26000)]

Other Threads:
=>0x00007fcd87081000 VMThread "VM Thread" [stack: 0x000070000cdff000,0x000070000ceff000] [id=13571]
  0x00007fcd8a81c000 WatcherThread [stack: 0x000070000db29000,0x000070000dc29000] [id=39427]
  0x00007fcd8682c800 GCTaskThread "GC Thread#0" [stack: 0x000070000c8f0000,0x000070000c9f0000] [id=12291]
  0x00007fcd878b8800 GCTaskThread "GC Thread#1" [stack: 0x000070000dc2c000,0x000070000dd2c000] [id=25091]
  0x00007fcd87b68000 GCTaskThread "GC Thread#2" [stack: 0x000070000dd2f000,0x000070000de2f000] [id=25603]
  0x00007fcd8795e000 GCTaskThread "GC Thread#3" [stack: 0x000070000de32000,0x000070000df32000] [id=25859]
  0x00007fcd8795e800 GCTaskThread "GC Thread#4" [stack: 0x000070000df35000,0x000070000e035000] [id=38659]
  0x00007fcd87d03000 GCTaskThread "GC Thread#5" [stack: 0x000070000e038000,0x000070000e138000] [id=26371]
  0x00007fcd86861800 ConcurrentGCThread "G1 Main Marker" [stack: 0x000070000c9f3000,0x000070000caf3000] [id=21251]
  0x00007fcd86862000 ConcurrentGCThread "G1 Conc#0" [stack: 0x000070000caf6000,0x000070000cbf6000] [id=20483]
  0x00007fcd88cd7000 ConcurrentGCThread "G1 Conc#1" [stack: 0x000070000e13b000,0x000070000e23b000] [id=17163]
  0x00007fcd88854000 ConcurrentGCThread "G1 Refine#0" [stack: 0x000070000cbf9000,0x000070000ccf9000] [id=19971]
  0x00007fcd88855000 ConcurrentGCThread "G1 Young RemSet Sampling" [stack: 0x000070000ccfc000,0x000070000cdfc000] [id=13059]

Threads with active compile tasks:

VM state:at safepoint (normal execution)

VM Mutex/Monitor currently owned by a thread:  ([mutex/lock_event])
[0x00007fcd86509720] Threads_lock - owner thread: 0x00007fcd87081000

Heap address: 0x0000000700000000, size: 4096 MB, Compressed Oops mode: Zero based, Oop shift amount: 3
Narrow klass base: 0x0000000800000000, Narrow klass shift: 0
Compressed class space size: 1073741824 Address: 0x0000000800000000

Heap:
 garbage-first heap   total 262144K, used 48084K [0x0000000700000000, 0x0000000800000000)
  region size 1024K, 36 young (36864K), 9 survivors (9216K)
 Metaspace       used 30414K, capacity 31004K, committed 31408K, reserved 1077248K
  class space    used 4007K, capacity 4245K, committed 4352K, reserved 1048576K
Heap Regions: E=young(eden), S=young(survivor), O=old, HS=humongous(starts), HC=humongous(continues), CS=collection set, F=free, A=archive, TAMS=top-at-mark-start (previous, next)
|   0|0x0000000700000000, 0x0000000700100000, 0x0000000700100000|100%|HS|  |TAMS 0x0000000700100000, 0x0000000700000000| Complete 
|   1|0x0000000700100000, 0x0000000700200000, 0x0000000700200000|100%|HC|  |TAMS 0x0000000700200000, 0x0000000700100000| Complete 
|   2|0x0000000700200000, 0x0000000700300000, 0x0000000700300000|100%|HS|  |TAMS 0x0000000700300000, 0x0000000700200000| Complete 
|   3|0x0000000700300000, 0x0000000700400000, 0x0000000700400000|100%|HC|  |TAMS 0x0000000700400000, 0x0000000700300000| Complete 
|   4|0x0000000700400000, 0x0000000700500000, 0x0000000700500000|100%| O|  |TAMS 0x0000000700500000, 0x0000000700400000| Untracked 
|   5|0x0000000700500000, 0x0000000700600000, 0x0000000700600000|100%| O|  |TAMS 0x0000000700600000, 0x0000000700500000| Untracked 
|   6|0x0000000700600000, 0x0000000700700000, 0x0000000700700000|100%| O|  |TAMS 0x0000000700700000, 0x0000000700600000| Untracked 
|   7|0x0000000700700000, 0x0000000700800000, 0x0000000700800000|100%| O|  |TAMS 0x0000000700800000, 0x0000000700700000| Untracked 
|   8|0x0000000700800000, 0x0000000700900000, 0x0000000700900000|100%| O|  |TAMS 0x0000000700886400, 0x0000000700800000| Untracked 
|   9|0x0000000700900000, 0x0000000700a00000, 0x0000000700a00000|100%|HS|  |TAMS 0x0000000700900000, 0x0000000700900000| Complete 
|  10|0x0000000700a00000, 0x0000000700b00000, 0x0000000700b00000|100%|HC|  |TAMS 0x0000000700a00000, 0x0000000700a00000| Complete 
|  11|0x0000000700b00000, 0x0000000700c00000, 0x0000000700c00000|100%| O|  |TAMS 0x0000000700b00000, 0x0000000700b00000| Untracked 
|  12|0x0000000700c00000, 0x0000000700d00000, 0x0000000700d00000|100%| O|  |TAMS 0x0000000700c00000, 0x0000000700c00000| Untracked 
|  13|0x0000000700d00000, 0x0000000700d7fc00, 0x0000000700e00000| 49%| O|  |TAMS 0x0000000700d00000, 0x0000000700d00000| Untracked 
|  14|0x0000000700e00000, 0x0000000700e00000, 0x0000000700f00000|  0%| F|  |TAMS 0x0000000700e00000, 0x0000000700e00000| Untracked 
|  15|0x0000000700f00000, 0x0000000700f00000, 0x0000000701000000|  0%| F|  |TAMS 0x0000000700f00000, 0x0000000700f00000| Untracked 
|  16|0x0000000701000000, 0x0000000701000000, 0x0000000701100000|  0%| F|  |TAMS 0x0000000701000000, 0x0000000701000000| Untracked 
|  17|0x0000000701100000, 0x0000000701100000, 0x0000000701200000|  0%| F|  |TAMS 0x0000000701100000, 0x0000000701100000| Untracked 
|  18|0x0000000701200000, 0x0000000701200000, 0x0000000701300000|  0%| F|  |TAMS 0x0000000701200000, 0x0000000701200000| Untracked 
|  19|0x0000000701300000, 0x0000000701300000, 0x0000000701400000|  0%| F|  |TAMS 0x0000000701300000, 0x0000000701300000| Untracked 
|  20|0x0000000701400000, 0x0000000701400000, 0x0000000701500000|  0%| F|  |TAMS 0x0000000701400000, 0x0000000701400000| Untracked 
|  21|0x0000000701500000, 0x0000000701500000, 0x0000000701600000|  0%| F|  |TAMS 0x0000000701500000, 0x0000000701500000| Untracked 
|  22|0x0000000701600000, 0x0000000701600000, 0x0000000701700000|  0%| F|  |TAMS 0x0000000701600000, 0x0000000701600000| Untracked 
|  23|0x0000000701700000, 0x0000000701700000, 0x0000000701800000|  0%| F|  |TAMS 0x0000000701700000, 0x0000000701700000| Untracked 
|  24|0x0000000701800000, 0x0000000701800000, 0x0000000701900000|  0%| F|  |TAMS 0x0000000701800000, 0x0000000701800000| Untracked 
|  25|0x0000000701900000, 0x0000000701900000, 0x0000000701a00000|  0%| F|  |TAMS 0x0000000701900000, 0x0000000701900000| Untracked 
|  26|0x0000000701a00000, 0x0000000701a00000, 0x0000000701b00000|  0%| F|  |TAMS 0x0000000701a00000, 0x0000000701a00000| Untracked 
|  27|0x0000000701b00000, 0x0000000701b00000, 0x0000000701c00000|  0%| F|  |TAMS 0x0000000701b00000, 0x0000000701b00000| Untracked 
|  28|0x0000000701c00000, 0x0000000701c00000, 0x0000000701d00000|  0%| F|  |TAMS 0x0000000701c00000, 0x0000000701c00000| Untracked 
|  29|0x0000000701d00000, 0x0000000701d00000, 0x0000000701e00000|  0%| F|  |TAMS 0x0000000701d00000, 0x0000000701d00000| Untracked 
|  30|0x0000000701e00000, 0x0000000701e00000, 0x0000000701f00000|  0%| F|  |TAMS 0x0000000701e00000, 0x0000000701e00000| Untracked 
|  31|0x0000000701f00000, 0x0000000701f00000, 0x0000000702000000|  0%| F|  |TAMS 0x0000000701f00000, 0x0000000701f00000| Untracked 
|  32|0x0000000702000000, 0x0000000702000000, 0x0000000702100000|  0%| F|  |TAMS 0x0000000702000000, 0x0000000702000000| Untracked 
|  33|0x0000000702100000, 0x0000000702100000, 0x0000000702200000|  0%| F|  |TAMS 0x0000000702100000, 0x0000000702100000| Untracked 
|  34|0x0000000702200000, 0x0000000702200000, 0x0000000702300000|  0%| F|  |TAMS 0x0000000702200000, 0x0000000702200000| Untracked 
|  35|0x0000000702300000, 0x0000000702300000, 0x0000000702400000|  0%| F|  |TAMS 0x0000000702300000, 0x0000000702300000| Untracked 
|  36|0x0000000702400000, 0x0000000702400000, 0x0000000702500000|  0%| F|  |TAMS 0x0000000702400000, 0x0000000702400000| Untracked 
|  37|0x0000000702500000, 0x0000000702500000, 0x0000000702600000|  0%| F|  |TAMS 0x0000000702500000, 0x0000000702500000| Untracked 
|  38|0x0000000702600000, 0x0000000702600000, 0x0000000702700000|  0%| F|  |TAMS 0x0000000702600000, 0x0000000702600000| Untracked 
|  39|0x0000000702700000, 0x0000000702700000, 0x0000000702800000|  0%| F|  |TAMS 0x0000000702700000, 0x0000000702700000| Untracked 
|  40|0x0000000702800000, 0x0000000702800000, 0x0000000702900000|  0%| F|  |TAMS 0x0000000702800000, 0x0000000702800000| Untracked 
|  41|0x0000000702900000, 0x0000000702900000, 0x0000000702a00000|  0%| F|  |TAMS 0x0000000702900000, 0x0000000702900000| Untracked 
|  42|0x0000000702a00000, 0x0000000702a00000, 0x0000000702b00000|  0%| F|  |TAMS 0x0000000702a00000, 0x0000000702a00000| Untracked 
|  43|0x0000000702b00000, 0x0000000702b00000, 0x0000000702c00000|  0%| F|  |TAMS 0x0000000702b00000, 0x0000000702b00000| Untracked 
|  44|0x0000000702c00000, 0x0000000702c00000, 0x0000000702d00000|  0%| F|  |TAMS 0x0000000702c00000, 0x0000000702c00000| Untracked 
|  45|0x0000000702d00000, 0x0000000702d00000, 0x0000000702e00000|  0%| F|  |TAMS 0x0000000702d00000, 0x0000000702d00000| Untracked 
|  46|0x0000000702e00000, 0x0000000702e00000, 0x0000000702f00000|  0%| F|  |TAMS 0x0000000702e00000, 0x0000000702e00000| Untracked 
|  47|0x0000000702f00000, 0x0000000702f00000, 0x0000000703000000|  0%| F|  |TAMS 0x0000000702f00000, 0x0000000702f00000| Untracked 
|  48|0x0000000703000000, 0x0000000703000000, 0x0000000703100000|  0%| F|  |TAMS 0x0000000703000000, 0x0000000703000000| Untracked 
|  49|0x0000000703100000, 0x0000000703100000, 0x0000000703200000|  0%| F|  |TAMS 0x0000000703100000, 0x0000000703100000| Untracked 
|  50|0x0000000703200000, 0x0000000703200000, 0x0000000703300000|  0%| F|  |TAMS 0x0000000703200000, 0x0000000703200000| Untracked 
|  51|0x0000000703300000, 0x0000000703300000, 0x0000000703400000|  0%| F|  |TAMS 0x0000000703300000, 0x0000000703300000| Untracked 
|  52|0x0000000703400000, 0x0000000703400000, 0x0000000703500000|  0%| F|  |TAMS 0x0000000703400000, 0x0000000703400000| Untracked 
|  53|0x0000000703500000, 0x0000000703500000, 0x0000000703600000|  0%| F|  |TAMS 0x0000000703500000, 0x0000000703500000| Untracked 
|  54|0x0000000703600000, 0x0000000703600000, 0x0000000703700000|  0%| F|  |TAMS 0x0000000703600000, 0x0000000703600000| Untracked 
|  55|0x0000000703700000, 0x0000000703700000, 0x0000000703800000|  0%| F|  |TAMS 0x0000000703700000, 0x0000000703700000| Untracked 
|  56|0x0000000703800000, 0x0000000703800000, 0x0000000703900000|  0%| F|  |TAMS 0x0000000703800000, 0x0000000703800000| Untracked 
|  57|0x0000000703900000, 0x0000000703900000, 0x0000000703a00000|  0%| F|  |TAMS 0x0000000703900000, 0x0000000703900000| Untracked 
|  58|0x0000000703a00000, 0x0000000703a00000, 0x0000000703b00000|  0%| F|  |TAMS 0x0000000703a00000, 0x0000000703a00000| Untracked 
|  59|0x0000000703b00000, 0x0000000703b00000, 0x0000000703c00000|  0%| F|  |TAMS 0x0000000703b00000, 0x0000000703b00000| Untracked 
|  60|0x0000000703c00000, 0x0000000703c00000, 0x0000000703d00000|  0%| F|  |TAMS 0x0000000703c00000, 0x0000000703c00000| Untracked 
|  61|0x0000000703d00000, 0x0000000703d00000, 0x0000000703e00000|  0%| F|  |TAMS 0x0000000703d00000, 0x0000000703d00000| Untracked 
|  62|0x0000000703e00000, 0x0000000703e00000, 0x0000000703f00000|  0%| F|  |TAMS 0x0000000703e00000, 0x0000000703e00000| Untracked 
|  63|0x0000000703f00000, 0x0000000703f00000, 0x0000000704000000|  0%| F|  |TAMS 0x0000000703f00000, 0x0000000703f00000| Untracked 
|  64|0x0000000704000000, 0x0000000704000000, 0x0000000704100000|  0%| F|  |TAMS 0x0000000704000000, 0x0000000704000000| Untracked 
|  65|0x0000000704100000, 0x0000000704100000, 0x0000000704200000|  0%| F|  |TAMS 0x0000000704100000, 0x0000000704100000| Untracked 
|  66|0x0000000704200000, 0x0000000704200000, 0x0000000704300000|  0%| F|  |TAMS 0x0000000704200000, 0x0000000704200000| Untracked 
|  67|0x0000000704300000, 0x0000000704300000, 0x0000000704400000|  0%| F|  |TAMS 0x0000000704300000, 0x0000000704300000| Untracked 
|  68|0x0000000704400000, 0x0000000704400000, 0x0000000704500000|  0%| F|  |TAMS 0x0000000704400000, 0x0000000704400000| Untracked 
|  69|0x0000000704500000, 0x0000000704500000, 0x0000000704600000|  0%| F|  |TAMS 0x0000000704500000, 0x0000000704500000| Untracked 
|  70|0x0000000704600000, 0x0000000704600000, 0x0000000704700000|  0%| F|  |TAMS 0x0000000704600000, 0x0000000704600000| Untracked 
|  71|0x0000000704700000, 0x0000000704700000, 0x0000000704800000|  0%| F|  |TAMS 0x0000000704700000, 0x0000000704700000| Untracked 
|  72|0x0000000704800000, 0x0000000704800000, 0x0000000704900000|  0%| F|  |TAMS 0x0000000704800000, 0x0000000704800000| Untracked 
|  73|0x0000000704900000, 0x0000000704900000, 0x0000000704a00000|  0%| F|  |TAMS 0x0000000704900000, 0x0000000704900000| Untracked 
|  74|0x0000000704a00000, 0x0000000704a00000, 0x0000000704b00000|  0%| F|  |TAMS 0x0000000704a00000, 0x0000000704a00000| Untracked 
|  75|0x0000000704b00000, 0x0000000704b00000, 0x0000000704c00000|  0%| F|  |TAMS 0x0000000704b00000, 0x0000000704b00000| Untracked 
|  76|0x0000000704c00000, 0x0000000704c00000, 0x0000000704d00000|  0%| F|  |TAMS 0x0000000704c00000, 0x0000000704c00000| Untracked 
|  77|0x0000000704d00000, 0x0000000704d00000, 0x0000000704e00000|  0%| F|  |TAMS 0x0000000704d00000, 0x0000000704d00000| Untracked 
|  78|0x0000000704e00000, 0x0000000704e00000, 0x0000000704f00000|  0%| F|  |TAMS 0x0000000704e00000, 0x0000000704e00000| Untracked 
|  79|0x0000000704f00000, 0x0000000704f00000, 0x0000000705000000|  0%| F|  |TAMS 0x0000000704f00000, 0x0000000704f00000| Untracked 
|  80|0x0000000705000000, 0x0000000705000000, 0x0000000705100000|  0%| F|  |TAMS 0x0000000705000000, 0x0000000705000000| Untracked 
|  81|0x0000000705100000, 0x0000000705100000, 0x0000000705200000|  0%| F|  |TAMS 0x0000000705100000, 0x0000000705100000| Untracked 
|  82|0x0000000705200000, 0x0000000705200000, 0x0000000705300000|  0%| F|  |TAMS 0x0000000705200000, 0x0000000705200000| Untracked 
|  83|0x0000000705300000, 0x0000000705300000, 0x0000000705400000|  0%| F|  |TAMS 0x0000000705300000, 0x0000000705300000| Untracked 
|  84|0x0000000705400000, 0x0000000705400000, 0x0000000705500000|  0%| F|  |TAMS 0x0000000705400000, 0x0000000705400000| Untracked 
|  85|0x0000000705500000, 0x0000000705500000, 0x0000000705600000|  0%| F|  |TAMS 0x0000000705500000, 0x0000000705500000| Untracked 
|  86|0x0000000705600000, 0x0000000705600000, 0x0000000705700000|  0%| F|  |TAMS 0x0000000705600000, 0x0000000705600000| Untracked 
|  87|0x0000000705700000, 0x0000000705700000, 0x0000000705800000|  0%| F|  |TAMS 0x0000000705700000, 0x0000000705700000| Untracked 
|  88|0x0000000705800000, 0x0000000705800000, 0x0000000705900000|  0%| F|  |TAMS 0x0000000705800000, 0x0000000705800000| Untracked 
|  89|0x0000000705900000, 0x0000000705900000, 0x0000000705a00000|  0%| F|  |TAMS 0x0000000705900000, 0x0000000705900000| Untracked 
|  90|0x0000000705a00000, 0x0000000705a00000, 0x0000000705b00000|  0%| F|  |TAMS 0x0000000705a00000, 0x0000000705a00000| Untracked 
|  91|0x0000000705b00000, 0x0000000705b00000, 0x0000000705c00000|  0%| F|  |TAMS 0x0000000705b00000, 0x0000000705b00000| Untracked 
|  92|0x0000000705c00000, 0x0000000705c00000, 0x0000000705d00000|  0%| F|  |TAMS 0x0000000705c00000, 0x0000000705c00000| Untracked 
|  93|0x0000000705d00000, 0x0000000705d00000, 0x0000000705e00000|  0%| F|  |TAMS 0x0000000705d00000, 0x0000000705d00000| Untracked 
|  94|0x0000000705e00000, 0x0000000705e00000, 0x0000000705f00000|  0%| F|  |TAMS 0x0000000705e00000, 0x0000000705e00000| Untracked 
|  95|0x0000000705f00000, 0x0000000705f00000, 0x0000000706000000|  0%| F|  |TAMS 0x0000000705f00000, 0x0000000705f00000| Untracked 
|  96|0x0000000706000000, 0x0000000706000000, 0x0000000706100000|  0%| F|  |TAMS 0x0000000706000000, 0x0000000706000000| Untracked 
|  97|0x0000000706100000, 0x0000000706100000, 0x0000000706200000|  0%| F|  |TAMS 0x0000000706100000, 0x0000000706100000| Untracked 
|  98|0x0000000706200000, 0x0000000706200000, 0x0000000706300000|  0%| F|  |TAMS 0x0000000706200000, 0x0000000706200000| Untracked 
|  99|0x0000000706300000, 0x0000000706300000, 0x0000000706400000|  0%| F|  |TAMS 0x0000000706300000, 0x0000000706300000| Untracked 
| 100|0x0000000706400000, 0x0000000706400000, 0x0000000706500000|  0%| F|  |TAMS 0x0000000706400000, 0x0000000706400000| Untracked 
| 101|0x0000000706500000, 0x0000000706500000, 0x0000000706600000|  0%| F|  |TAMS 0x0000000706500000, 0x0000000706500000| Untracked 
| 102|0x0000000706600000, 0x0000000706600000, 0x0000000706700000|  0%| F|  |TAMS 0x0000000706600000, 0x0000000706600000| Untracked 
| 103|0x0000000706700000, 0x0000000706700000, 0x0000000706800000|  0%| F|  |TAMS 0x0000000706700000, 0x0000000706700000| Untracked 
| 104|0x0000000706800000, 0x0000000706800000, 0x0000000706900000|  0%| F|  |TAMS 0x0000000706800000, 0x0000000706800000| Untracked 
| 105|0x0000000706900000, 0x0000000706900000, 0x0000000706a00000|  0%| F|  |TAMS 0x0000000706900000, 0x0000000706900000| Untracked 
| 106|0x0000000706a00000, 0x0000000706a00000, 0x0000000706b00000|  0%| F|  |TAMS 0x0000000706a00000, 0x0000000706a00000| Untracked 
| 107|0x0000000706b00000, 0x0000000706b00000, 0x0000000706c00000|  0%| F|  |TAMS 0x0000000706b00000, 0x0000000706b00000| Untracked 
| 108|0x0000000706c00000, 0x0000000706c00000, 0x0000000706d00000|  0%| F|  |TAMS 0x0000000706c00000, 0x0000000706c00000| Untracked 
| 109|0x0000000706d00000, 0x0000000706d00000, 0x0000000706e00000|  0%| F|  |TAMS 0x0000000706d00000, 0x0000000706d00000| Untracked 
| 110|0x0000000706e00000, 0x0000000706e00000, 0x0000000706f00000|  0%| F|  |TAMS 0x0000000706e00000, 0x0000000706e00000| Untracked 
| 111|0x0000000706f00000, 0x0000000706f00000, 0x0000000707000000|  0%| F|  |TAMS 0x0000000706f00000, 0x0000000706f00000| Untracked 
| 112|0x0000000707000000, 0x0000000707000000, 0x0000000707100000|  0%| F|  |TAMS 0x0000000707000000, 0x0000000707000000| Untracked 
| 113|0x0000000707100000, 0x0000000707100000, 0x0000000707200000|  0%| F|  |TAMS 0x0000000707100000, 0x0000000707100000| Untracked 
| 114|0x0000000707200000, 0x0000000707200000, 0x0000000707300000|  0%| F|  |TAMS 0x0000000707200000, 0x0000000707200000| Untracked 
| 115|0x0000000707300000, 0x0000000707300000, 0x0000000707400000|  0%| F|  |TAMS 0x0000000707300000, 0x0000000707300000| Untracked 
| 116|0x0000000707400000, 0x0000000707400000, 0x0000000707500000|  0%| F|  |TAMS 0x0000000707400000, 0x0000000707400000| Untracked 
| 117|0x0000000707500000, 0x0000000707500000, 0x0000000707600000|  0%| F|  |TAMS 0x0000000707500000, 0x0000000707500000| Untracked 
| 118|0x0000000707600000, 0x0000000707600000, 0x0000000707700000|  0%| F|  |TAMS 0x0000000707600000, 0x0000000707600000| Untracked 
| 119|0x0000000707700000, 0x0000000707700000, 0x0000000707800000|  0%| F|  |TAMS 0x0000000707700000, 0x0000000707700000| Untracked 
| 120|0x0000000707800000, 0x0000000707800000, 0x0000000707900000|  0%| F|  |TAMS 0x0000000707800000, 0x0000000707800000| Untracked 
| 121|0x0000000707900000, 0x0000000707900000, 0x0000000707a00000|  0%| F|  |TAMS 0x0000000707900000, 0x0000000707900000| Untracked 
| 122|0x0000000707a00000, 0x0000000707a00000, 0x0000000707b00000|  0%| F|  |TAMS 0x0000000707a00000, 0x0000000707a00000| Untracked 
| 123|0x0000000707b00000, 0x0000000707b00000, 0x0000000707c00000|  0%| F|  |TAMS 0x0000000707b00000, 0x0000000707b00000| Untracked 
| 124|0x0000000707c00000, 0x0000000707c00000, 0x0000000707d00000|  0%| F|  |TAMS 0x0000000707c00000, 0x0000000707c00000| Untracked 
| 125|0x0000000707d00000, 0x0000000707d00000, 0x0000000707e00000|  0%| F|  |TAMS 0x0000000707d00000, 0x0000000707d00000| Untracked 
| 126|0x0000000707e00000, 0x0000000707e00000, 0x0000000707f00000|  0%| F|  |TAMS 0x0000000707e00000, 0x0000000707e00000| Untracked 
| 127|0x0000000707f00000, 0x0000000707f00000, 0x0000000708000000|  0%| F|  |TAMS 0x0000000707f00000, 0x0000000707f00000| Untracked 
| 128|0x0000000708000000, 0x0000000708000000, 0x0000000708100000|  0%| F|  |TAMS 0x0000000708000000, 0x0000000708000000| Untracked 
| 129|0x0000000708100000, 0x0000000708100000, 0x0000000708200000|  0%| F|  |TAMS 0x0000000708100000, 0x0000000708100000| Untracked 
| 130|0x0000000708200000, 0x0000000708200000, 0x0000000708300000|  0%| F|  |TAMS 0x0000000708200000, 0x0000000708200000| Untracked 
| 131|0x0000000708300000, 0x0000000708300000, 0x0000000708400000|  0%| F|  |TAMS 0x0000000708300000, 0x0000000708300000| Untracked 
| 132|0x0000000708400000, 0x0000000708400000, 0x0000000708500000|  0%| F|  |TAMS 0x0000000708400000, 0x0000000708400000| Untracked 
| 133|0x0000000708500000, 0x0000000708500000, 0x0000000708600000|  0%| F|  |TAMS 0x0000000708500000, 0x0000000708500000| Untracked 
| 134|0x0000000708600000, 0x0000000708600000, 0x0000000708700000|  0%| F|  |TAMS 0x0000000708600000, 0x0000000708600000| Untracked 
| 135|0x0000000708700000, 0x0000000708700000, 0x0000000708800000|  0%| F|  |TAMS 0x0000000708700000, 0x0000000708700000| Untracked 
| 136|0x0000000708800000, 0x0000000708800000, 0x0000000708900000|  0%| F|  |TAMS 0x0000000708800000, 0x0000000708800000| Untracked 
| 137|0x0000000708900000, 0x0000000708900000, 0x0000000708a00000|  0%| F|  |TAMS 0x0000000708900000, 0x0000000708900000| Untracked 
| 138|0x0000000708a00000, 0x0000000708a00000, 0x0000000708b00000|  0%| F|  |TAMS 0x0000000708a00000, 0x0000000708a00000| Untracked 
| 139|0x0000000708b00000, 0x0000000708b00000, 0x0000000708c00000|  0%| F|  |TAMS 0x0000000708b00000, 0x0000000708b00000| Untracked 
| 140|0x0000000708c00000, 0x0000000708c00000, 0x0000000708d00000|  0%| F|  |TAMS 0x0000000708c00000, 0x0000000708c00000| Untracked 
| 141|0x0000000708d00000, 0x0000000708d00000, 0x0000000708e00000|  0%| F|  |TAMS 0x0000000708d00000, 0x0000000708d00000| Untracked 
| 142|0x0000000708e00000, 0x0000000708e00000, 0x0000000708f00000|  0%| F|  |TAMS 0x0000000708e00000, 0x0000000708e00000| Untracked 
| 143|0x0000000708f00000, 0x0000000708f00000, 0x0000000709000000|  0%| F|  |TAMS 0x0000000708f00000, 0x0000000708f00000| Untracked 
| 144|0x0000000709000000, 0x0000000709000000, 0x0000000709100000|  0%| F|  |TAMS 0x0000000709000000, 0x0000000709000000| Untracked 
| 145|0x0000000709100000, 0x0000000709100000, 0x0000000709200000|  0%| F|  |TAMS 0x0000000709100000, 0x0000000709100000| Untracked 
| 146|0x0000000709200000, 0x0000000709200000, 0x0000000709300000|  0%| F|  |TAMS 0x0000000709200000, 0x0000000709200000| Untracked 
| 147|0x0000000709300000, 0x0000000709300000, 0x0000000709400000|  0%| F|  |TAMS 0x0000000709300000, 0x0000000709300000| Untracked 
| 148|0x0000000709400000, 0x0000000709400000, 0x0000000709500000|  0%| F|  |TAMS 0x0000000709400000, 0x0000000709400000| Untracked 
| 149|0x0000000709500000, 0x0000000709500000, 0x0000000709600000|  0%| F|  |TAMS 0x0000000709500000, 0x0000000709500000| Untracked 
| 150|0x0000000709600000, 0x00000007096757e0, 0x0000000709700000| 45%| S|CS|TAMS 0x0000000709600000, 0x0000000709600000| Complete 
| 151|0x0000000709700000, 0x0000000709800000, 0x0000000709800000|100%| S|CS|TAMS 0x0000000709700000, 0x0000000709700000| Complete 
| 152|0x0000000709800000, 0x0000000709900000, 0x0000000709900000|100%| S|CS|TAMS 0x0000000709800000, 0x0000000709800000| Complete 
| 153|0x0000000709900000, 0x0000000709a00000, 0x0000000709a00000|100%| S|CS|TAMS 0x0000000709900000, 0x0000000709900000| Complete 
| 154|0x0000000709a00000, 0x0000000709b00000, 0x0000000709b00000|100%| S|CS|TAMS 0x0000000709a00000, 0x0000000709a00000| Complete 
| 155|0x0000000709b00000, 0x0000000709c00000, 0x0000000709c00000|100%| S|CS|TAMS 0x0000000709b00000, 0x0000000709b00000| Complete 
| 156|0x0000000709c00000, 0x0000000709d00000, 0x0000000709d00000|100%| S|CS|TAMS 0x0000000709c00000, 0x0000000709c00000| Complete 
| 157|0x0000000709d00000, 0x0000000709e00000, 0x0000000709e00000|100%| S|CS|TAMS 0x0000000709d00000, 0x0000000709d00000| Complete 
| 158|0x0000000709e00000, 0x0000000709f00000, 0x0000000709f00000|100%| S|CS|TAMS 0x0000000709e00000, 0x0000000709e00000| Complete 
| 159|0x0000000709f00000, 0x0000000709f00000, 0x000000070a000000|  0%| F|  |TAMS 0x0000000709f00000, 0x0000000709f00000| Untracked 
| 160|0x000000070a000000, 0x000000070a000000, 0x000000070a100000|  0%| F|  |TAMS 0x000000070a000000, 0x000000070a000000| Untracked 
| 161|0x000000070a100000, 0x000000070a100000, 0x000000070a200000|  0%| F|  |TAMS 0x000000070a100000, 0x000000070a100000| Untracked 
| 162|0x000000070a200000, 0x000000070a200000, 0x000000070a300000|  0%| F|  |TAMS 0x000000070a200000, 0x000000070a200000| Untracked 
| 163|0x000000070a300000, 0x000000070a300000, 0x000000070a400000|  0%| F|  |TAMS 0x000000070a300000, 0x000000070a300000| Untracked 
| 164|0x000000070a400000, 0x000000070a400000, 0x000000070a500000|  0%| F|  |TAMS 0x000000070a400000, 0x000000070a400000| Untracked 
| 165|0x000000070a500000, 0x000000070a500000, 0x000000070a600000|  0%| F|  |TAMS 0x000000070a500000, 0x000000070a500000| Untracked 
| 166|0x000000070a600000, 0x000000070a600000, 0x000000070a700000|  0%| F|  |TAMS 0x000000070a600000, 0x000000070a600000| Untracked 
| 167|0x000000070a700000, 0x000000070a700000, 0x000000070a800000|  0%| F|  |TAMS 0x000000070a700000, 0x000000070a700000| Untracked 
| 168|0x000000070a800000, 0x000000070a800000, 0x000000070a900000|  0%| F|  |TAMS 0x000000070a800000, 0x000000070a800000| Untracked 
| 169|0x000000070a900000, 0x000000070a900000, 0x000000070aa00000|  0%| F|  |TAMS 0x000000070a900000, 0x000000070a900000| Untracked 
| 170|0x000000070aa00000, 0x000000070aa00000, 0x000000070ab00000|  0%| F|  |TAMS 0x000000070aa00000, 0x000000070aa00000| Untracked 
| 171|0x000000070ab00000, 0x000000070ab00000, 0x000000070ac00000|  0%| F|  |TAMS 0x000000070ab00000, 0x000000070ab00000| Untracked 
| 172|0x000000070ac00000, 0x000000070ac00000, 0x000000070ad00000|  0%| F|  |TAMS 0x000000070ac00000, 0x000000070ac00000| Untracked 
| 173|0x000000070ad00000, 0x000000070ad00000, 0x000000070ae00000|  0%| F|  |TAMS 0x000000070ad00000, 0x000000070ad00000| Untracked 
| 174|0x000000070ae00000, 0x000000070ae00000, 0x000000070af00000|  0%| F|  |TAMS 0x000000070ae00000, 0x000000070ae00000| Untracked 
| 175|0x000000070af00000, 0x000000070af00000, 0x000000070b000000|  0%| F|  |TAMS 0x000000070af00000, 0x000000070af00000| Untracked 
| 176|0x000000070b000000, 0x000000070b000000, 0x000000070b100000|  0%| F|  |TAMS 0x000000070b000000, 0x000000070b000000| Untracked 
| 177|0x000000070b100000, 0x000000070b100000, 0x000000070b200000|  0%| F|  |TAMS 0x000000070b100000, 0x000000070b100000| Untracked 
| 178|0x000000070b200000, 0x000000070b200000, 0x000000070b300000|  0%| F|  |TAMS 0x000000070b200000, 0x000000070b200000| Untracked 
| 179|0x000000070b300000, 0x000000070b300000, 0x000000070b400000|  0%| F|  |TAMS 0x000000070b300000, 0x000000070b300000| Untracked 
| 180|0x000000070b400000, 0x000000070b400000, 0x000000070b500000|  0%| F|  |TAMS 0x000000070b400000, 0x000000070b400000| Untracked 
| 181|0x000000070b500000, 0x000000070b500000, 0x000000070b600000|  0%| F|  |TAMS 0x000000070b500000, 0x000000070b500000| Untracked 
| 182|0x000000070b600000, 0x000000070b600000, 0x000000070b700000|  0%| F|  |TAMS 0x000000070b600000, 0x000000070b600000| Untracked 
| 183|0x000000070b700000, 0x000000070b700000, 0x000000070b800000|  0%| F|  |TAMS 0x000000070b700000, 0x000000070b700000| Untracked 
| 184|0x000000070b800000, 0x000000070b800000, 0x000000070b900000|  0%| F|  |TAMS 0x000000070b800000, 0x000000070b800000| Untracked 
| 185|0x000000070b900000, 0x000000070b900000, 0x000000070ba00000|  0%| F|  |TAMS 0x000000070b900000, 0x000000070b900000| Untracked 
| 186|0x000000070ba00000, 0x000000070ba00000, 0x000000070bb00000|  0%| F|  |TAMS 0x000000070ba00000, 0x000000070ba00000| Untracked 
| 187|0x000000070bb00000, 0x000000070bb00000, 0x000000070bc00000|  0%| F|  |TAMS 0x000000070bb00000, 0x000000070bb00000| Untracked 
| 188|0x000000070bc00000, 0x000000070bc00000, 0x000000070bd00000|  0%| F|  |TAMS 0x000000070bc00000, 0x000000070bc00000| Untracked 
| 189|0x000000070bd00000, 0x000000070bd00000, 0x000000070be00000|  0%| F|  |TAMS 0x000000070bd00000, 0x000000070bd00000| Untracked 
| 190|0x000000070be00000, 0x000000070be00000, 0x000000070bf00000|  0%| F|  |TAMS 0x000000070be00000, 0x000000070be00000| Untracked 
| 191|0x000000070bf00000, 0x000000070bf00000, 0x000000070c000000|  0%| F|  |TAMS 0x000000070bf00000, 0x000000070bf00000| Untracked 
| 192|0x000000070c000000, 0x000000070c000000, 0x000000070c100000|  0%| F|  |TAMS 0x000000070c000000, 0x000000070c000000| Untracked 
| 193|0x000000070c100000, 0x000000070c100000, 0x000000070c200000|  0%| F|  |TAMS 0x000000070c100000, 0x000000070c100000| Untracked 
| 194|0x000000070c200000, 0x000000070c200000, 0x000000070c300000|  0%| F|  |TAMS 0x000000070c200000, 0x000000070c200000| Untracked 
| 195|0x000000070c300000, 0x000000070c300000, 0x000000070c400000|  0%| F|  |TAMS 0x000000070c300000, 0x000000070c300000| Untracked 
| 196|0x000000070c400000, 0x000000070c400000, 0x000000070c500000|  0%| F|  |TAMS 0x000000070c400000, 0x000000070c400000| Untracked 
| 197|0x000000070c500000, 0x000000070c500000, 0x000000070c600000|  0%| F|  |TAMS 0x000000070c500000, 0x000000070c500000| Untracked 
| 198|0x000000070c600000, 0x000000070c600000, 0x000000070c700000|  0%| F|  |TAMS 0x000000070c600000, 0x000000070c600000| Untracked 
| 199|0x000000070c700000, 0x000000070c700000, 0x000000070c800000|  0%| F|  |TAMS 0x000000070c700000, 0x000000070c700000| Untracked 
| 200|0x000000070c800000, 0x000000070c800000, 0x000000070c900000|  0%| F|  |TAMS 0x000000070c800000, 0x000000070c800000| Untracked 
| 201|0x000000070c900000, 0x000000070c900000, 0x000000070ca00000|  0%| F|  |TAMS 0x000000070c900000, 0x000000070c900000| Untracked 
| 202|0x000000070ca00000, 0x000000070ca00000, 0x000000070cb00000|  0%| F|  |TAMS 0x000000070ca00000, 0x000000070ca00000| Untracked 
| 203|0x000000070cb00000, 0x000000070cb00000, 0x000000070cc00000|  0%| F|  |TAMS 0x000000070cb00000, 0x000000070cb00000| Untracked 
| 204|0x000000070cc00000, 0x000000070cc00000, 0x000000070cd00000|  0%| F|  |TAMS 0x000000070cc00000, 0x000000070cc00000| Untracked 
| 205|0x000000070cd00000, 0x000000070cd00000, 0x000000070ce00000|  0%| F|  |TAMS 0x000000070cd00000, 0x000000070cd00000| Untracked 
| 206|0x000000070ce00000, 0x000000070ce00000, 0x000000070cf00000|  0%| F|  |TAMS 0x000000070ce00000, 0x000000070ce00000| Untracked 
| 207|0x000000070cf00000, 0x000000070cf00000, 0x000000070d000000|  0%| F|  |TAMS 0x000000070cf00000, 0x000000070cf00000| Untracked 
| 208|0x000000070d000000, 0x000000070d000000, 0x000000070d100000|  0%| F|  |TAMS 0x000000070d000000, 0x000000070d000000| Untracked 
| 209|0x000000070d100000, 0x000000070d100000, 0x000000070d200000|  0%| F|  |TAMS 0x000000070d100000, 0x000000070d100000| Untracked 
| 210|0x000000070d200000, 0x000000070d200000, 0x000000070d300000|  0%| F|  |TAMS 0x000000070d200000, 0x000000070d200000| Untracked 
| 211|0x000000070d300000, 0x000000070d300000, 0x000000070d400000|  0%| F|  |TAMS 0x000000070d300000, 0x000000070d300000| Untracked 
| 212|0x000000070d400000, 0x000000070d400000, 0x000000070d500000|  0%| F|  |TAMS 0x000000070d400000, 0x000000070d400000| Untracked 
| 213|0x000000070d500000, 0x000000070d500000, 0x000000070d600000|  0%| F|  |TAMS 0x000000070d500000, 0x000000070d500000| Untracked 
| 214|0x000000070d600000, 0x000000070d600000, 0x000000070d700000|  0%| F|  |TAMS 0x000000070d600000, 0x000000070d600000| Untracked 
| 215|0x000000070d700000, 0x000000070d700000, 0x000000070d800000|  0%| F|  |TAMS 0x000000070d700000, 0x000000070d700000| Untracked 
| 216|0x000000070d800000, 0x000000070d800000, 0x000000070d900000|  0%| F|  |TAMS 0x000000070d800000, 0x000000070d800000| Untracked 
| 217|0x000000070d900000, 0x000000070d900000, 0x000000070da00000|  0%| F|  |TAMS 0x000000070d900000, 0x000000070d900000| Untracked 
| 218|0x000000070da00000, 0x000000070da00000, 0x000000070db00000|  0%| F|  |TAMS 0x000000070da00000, 0x000000070da00000| Untracked 
| 219|0x000000070db00000, 0x000000070db00000, 0x000000070dc00000|  0%| F|  |TAMS 0x000000070db00000, 0x000000070db00000| Untracked 
| 220|0x000000070dc00000, 0x000000070dc00000, 0x000000070dd00000|  0%| F|  |TAMS 0x000000070dc00000, 0x000000070dc00000| Untracked 
| 221|0x000000070dd00000, 0x000000070dd00000, 0x000000070de00000|  0%| F|  |TAMS 0x000000070dd00000, 0x000000070dd00000| Untracked 
| 222|0x000000070de00000, 0x000000070de00000, 0x000000070df00000|  0%| F|  |TAMS 0x000000070de00000, 0x000000070de00000| Untracked 
| 223|0x000000070df00000, 0x000000070df00000, 0x000000070e000000|  0%| F|  |TAMS 0x000000070df00000, 0x000000070df00000| Untracked 
| 224|0x000000070e000000, 0x000000070e000000, 0x000000070e100000|  0%| F|  |TAMS 0x000000070e000000, 0x000000070e000000| Untracked 
| 225|0x000000070e100000, 0x000000070e100000, 0x000000070e200000|  0%| F|  |TAMS 0x000000070e100000, 0x000000070e100000| Untracked 
| 226|0x000000070e200000, 0x000000070e200000, 0x000000070e300000|  0%| F|  |TAMS 0x000000070e200000, 0x000000070e200000| Untracked 
| 227|0x000000070e300000, 0x000000070e300000, 0x000000070e400000|  0%| F|  |TAMS 0x000000070e300000, 0x000000070e300000| Untracked 
| 228|0x000000070e400000, 0x000000070e400000, 0x000000070e500000|  0%| F|  |TAMS 0x000000070e400000, 0x000000070e400000| Untracked 
| 229|0x000000070e500000, 0x000000070e5ba150, 0x000000070e600000| 72%| E|  |TAMS 0x000000070e500000, 0x000000070e500000| Complete 
| 230|0x000000070e600000, 0x000000070e6f7618, 0x000000070e700000| 96%| E|  |TAMS 0x000000070e600000, 0x000000070e600000| Complete 
| 231|0x000000070e700000, 0x000000070e800000, 0x000000070e800000|100%| E|CS|TAMS 0x000000070e700000, 0x000000070e700000| Complete 
| 232|0x000000070e800000, 0x000000070e900000, 0x000000070e900000|100%| E|CS|TAMS 0x000000070e800000, 0x000000070e800000| Complete 
| 233|0x000000070e900000, 0x000000070ea00000, 0x000000070ea00000|100%| E|CS|TAMS 0x000000070e900000, 0x000000070e900000| Complete 
| 234|0x000000070ea00000, 0x000000070eb00000, 0x000000070eb00000|100%| E|CS|TAMS 0x000000070ea00000, 0x000000070ea00000| Complete 
| 235|0x000000070eb00000, 0x000000070ec00000, 0x000000070ec00000|100%| E|CS|TAMS 0x000000070eb00000, 0x000000070eb00000| Complete 
| 236|0x000000070ec00000, 0x000000070ed00000, 0x000000070ed00000|100%| E|CS|TAMS 0x000000070ec00000, 0x000000070ec00000| Complete 
| 237|0x000000070ed00000, 0x000000070ee00000, 0x000000070ee00000|100%| E|CS|TAMS 0x000000070ed00000, 0x000000070ed00000| Complete 
| 238|0x000000070ee00000, 0x000000070ef00000, 0x000000070ef00000|100%| E|CS|TAMS 0x000000070ee00000, 0x000000070ee00000| Complete 
| 239|0x000000070ef00000, 0x000000070f000000, 0x000000070f000000|100%| E|CS|TAMS 0x000000070ef00000, 0x000000070ef00000| Complete 
| 240|0x000000070f000000, 0x000000070f100000, 0x000000070f100000|100%| E|CS|TAMS 0x000000070f000000, 0x000000070f000000| Complete 
| 241|0x000000070f100000, 0x000000070f200000, 0x000000070f200000|100%| E|CS|TAMS 0x000000070f100000, 0x000000070f100000| Complete 
| 242|0x000000070f200000, 0x000000070f300000, 0x000000070f300000|100%| E|CS|TAMS 0x000000070f200000, 0x000000070f200000| Complete 
| 243|0x000000070f300000, 0x000000070f400000, 0x000000070f400000|100%| E|CS|TAMS 0x000000070f300000, 0x000000070f300000| Complete 
| 244|0x000000070f400000, 0x000000070f500000, 0x000000070f500000|100%| E|CS|TAMS 0x000000070f400000, 0x000000070f400000| Complete 
| 245|0x000000070f500000, 0x000000070f600000, 0x000000070f600000|100%| E|CS|TAMS 0x000000070f500000, 0x000000070f500000| Complete 
| 246|0x000000070f600000, 0x000000070f700000, 0x000000070f700000|100%| E|CS|TAMS 0x000000070f600000, 0x000000070f600000| Complete 
| 247|0x000000070f700000, 0x000000070f800000, 0x000000070f800000|100%| E|CS|TAMS 0x000000070f700000, 0x000000070f700000| Complete 
| 248|0x000000070f800000, 0x000000070f900000, 0x000000070f900000|100%| E|CS|TAMS 0x000000070f800000, 0x000000070f800000| Complete 
| 249|0x000000070f900000, 0x000000070fa00000, 0x000000070fa00000|100%| E|CS|TAMS 0x000000070f900000, 0x000000070f900000| Complete 
| 250|0x000000070fa00000, 0x000000070fb00000, 0x000000070fb00000|100%| E|CS|TAMS 0x000000070fa00000, 0x000000070fa00000| Complete 
| 251|0x000000070fb00000, 0x000000070fc00000, 0x000000070fc00000|100%| E|CS|TAMS 0x000000070fb00000, 0x000000070fb00000| Complete 
| 252|0x000000070fc00000, 0x000000070fd00000, 0x000000070fd00000|100%| E|CS|TAMS 0x000000070fc00000, 0x000000070fc00000| Complete 
| 253|0x000000070fd00000, 0x000000070fe00000, 0x000000070fe00000|100%| E|CS|TAMS 0x000000070fd00000, 0x000000070fd00000| Complete 
| 254|0x000000070fe00000, 0x000000070ff00000, 0x000000070ff00000|100%| E|CS|TAMS 0x000000070fe00000, 0x000000070fe00000| Complete 
| 255|0x000000070ff00000, 0x0000000710000000, 0x0000000710000000|100%| E|CS|TAMS 0x000000070ff00000, 0x000000070ff00000| Complete 

Card table byte_map: [0x0000000120c98000,0x0000000121498000] _byte_map_base: 0x000000011d498000

Marking Bits (Prev, Next): (CMBitMap*) 0x00007fcd86850a50, (CMBitMap*) 0x00007fcd86850a18
 Prev Bits: [0x0000000125c98000, 0x0000000129c98000)
 Next Bits: [0x0000000121c98000, 0x0000000125c98000)

Polling page: 0x000000010377b000

Metaspace:

Usage:
  Non-class:     26.13 MB capacity,    25.79 MB ( 99%) used,   286.63 KB (  1%) free+waste,    65.00 KB ( <1%) overhead. 
      Class:      4.15 MB capacity,     3.91 MB ( 94%) used,   208.27 KB (  5%) free+waste,    29.44 KB ( <1%) overhead. 
       Both:     30.28 MB capacity,    29.70 MB ( 98%) used,   494.90 KB (  2%) free+waste,    94.44 KB ( <1%) overhead. 

Virtual space:
  Non-class space:       28.00 MB reserved,      26.42 MB ( 94%) committed 
      Class space:        1.00 GB reserved,       4.25 MB ( <1%) committed 
             Both:        1.03 GB reserved,      30.67 MB (  3%) committed 

Chunk freelists:
   Non-Class:  149.00 KB
       Class:  0 bytes
        Both:  149.00 KB

MaxMetaspaceSize: unlimited
CompressedClassSpaceSize: 1.00 GB

CodeHeap 'non-profiled nmethods': size=120032Kb used=1272Kb max_used=1272Kb free=118759Kb
 bounds [0x0000000119760000, 0x00000001199d0000, 0x0000000120c98000]
CodeHeap 'profiled nmethods': size=120028Kb used=6090Kb max_used=6090Kb free=113937Kb
 bounds [0x0000000112229000, 0x0000000112829000, 0x0000000119760000]
CodeHeap 'non-nmethods': size=5700Kb used=1185Kb max_used=1252Kb free=4514Kb
 bounds [0x0000000111c98000, 0x0000000111f08000, 0x0000000112229000]
 total_blobs=3256 nmethods=2811 adapters=365
 compilation: enabled
              stopped_count=0, restarted_count=0
 full_count=0

Compilation events (20 events):
Event: 1274.848 Thread 0x00007fcd87084000 nmethod 2870 0x0000000112813e90 code [0x0000000112814060, 0x00000001128143e0]
Event: 1274.848 Thread 0x00007fcd87084000 2871       3       jdk.internal.reflect.Label$PatchInfo::<init> (26 bytes)
Event: 1274.848 Thread 0x00007fcd87084000 nmethod 2871 0x0000000112814590 code [0x0000000112814740, 0x0000000112814910]
Event: 1274.848 Thread 0x00007fcd87084000 2873       3       jdk.internal.reflect.ClassFileAssembler::opc_athrow (12 bytes)
Event: 1274.849 Thread 0x00007fcd87084000 nmethod 2873 0x0000000112814a10 code [0x0000000112814be0, 0x0000000112814e80]
Event: 1274.850 Thread 0x00007fcd87084000 2874       3       java.lang.reflect.AccessibleObject::checkCanSetAccessible (9 bytes)
Event: 1274.850 Thread 0x00007fcd87084000 nmethod 2874 0x0000000112815010 code [0x00000001128151c0, 0x0000000112815300]
Event: 1274.850 Thread 0x00007fcd87084000 2875       3       java.lang.reflect.AccessibleObject::checkCanSetAccessible (386 bytes)
Event: 1274.854 Thread 0x00007fcd87084000 nmethod 2875 0x0000000112815390 code [0x0000000112815bc0, 0x000000011281a060]
Event: 1274.855 Thread 0x00007fcd86872800 nmethod 2865 0x0000000119894690 code [0x0000000119894840, 0x0000000119894c58]
Event: 1274.855 Thread 0x00007fcd86872800 2867 %     4       jdk.internal.reflect.ClassFileAssembler::emitConstantPoolUTF8 @ 19 (50 bytes)
Event: 1274.859 Thread 0x00007fcd86872800 nmethod 2867% 0x0000000119894e90 code [0x0000000119895060, 0x00000001198954c8]
Event: 1274.859 Thread 0x00007fcd86872800 2866 % !   4       jdk.internal.reflect.UTF8::encode @ 17 (191 bytes)
Event: 1274.872 Thread 0x00007fcd86872800 nmethod 2866% 0x0000000119895810 code [0x00000001198959c0, 0x0000000119896118]
Event: 1274.872 Thread 0x00007fcd86872800 2872       4       jdk.internal.reflect.ClassFileAssembler::cpi (22 bytes)
Event: 1274.872 Thread 0x00007fcd86872800 nmethod 2872 0x0000000119896410 code [0x00000001198965a0, 0x0000000119896618]
Event: 1303.303 Thread 0x00007fcd87084000 2876       3       java.lang.Boolean::toString (15 bytes)
Event: 1303.304 Thread 0x00007fcd87084000 nmethod 2876 0x000000011281b810 code [0x000000011281b9c0, 0x000000011281bb30]
Event: 1303.306 Thread 0x00007fcd86872800 2877       4       org.apache.uima.resource.metadata.impl.MetaDataObject_impl::toString (211 bytes)
Event: 1303.547 Thread 0x00007fcd86872800 nmethod 2877 0x0000000119896690 code [0x0000000119896a60, 0x000000011989c188]

GC Heap History (8 events):
Event: 0.599 GC heap before
{Heap before GC invocations=0 (full 0):
 garbage-first heap   total 262144K, used 27648K [0x0000000700000000, 0x0000000800000000)
  region size 1024K, 24 young (24576K), 0 survivors (0K)
 Metaspace       used 11068K, capacity 11320K, committed 11392K, reserved 1058816K
  class space    used 1072K, capacity 1135K, committed 1152K, reserved 1048576K
}
Event: 0.603 GC heap after
{Heap after GC invocations=1 (full 0):
 garbage-first heap   total 262144K, used 11801K [0x0000000700000000, 0x0000000800000000)
  region size 1024K, 3 young (3072K), 3 survivors (3072K)
 Metaspace       used 11068K, capacity 11320K, committed 11392K, reserved 1058816K
  class space    used 1072K, capacity 1135K, committed 1152K, reserved 1048576K
}
Event: 6.280 GC heap before
{Heap before GC invocations=1 (full 0):
 garbage-first heap   total 262144K, used 86553K [0x0000000700000000, 0x0000000800000000)
  region size 1024K, 77 young (78848K), 3 survivors (3072K)
 Metaspace       used 20652K, capacity 21136K, committed 21296K, reserved 1069056K
  class space    used 2225K, capacity 2410K, committed 2432K, reserved 1048576K
}
Event: 6.286 GC heap after
{Heap after GC invocations=2 (full 0):
 garbage-first heap   total 262144K, used 14439K [0x0000000700000000, 0x0000000800000000)
  region size 1024K, 6 young (6144K), 6 survivors (6144K)
 Metaspace       used 20652K, capacity 21136K, committed 21296K, reserved 1069056K
  class space    used 2225K, capacity 2410K, committed 2432K, reserved 1048576K
}
Event: 6.905 GC heap before
{Heap before GC invocations=3 (full 0):
 garbage-first heap   total 262144K, used 78951K [0x0000000700000000, 0x0000000800000000)
  region size 1024K, 67 young (68608K), 6 survivors (6144K)
 Metaspace       used 22959K, capacity 23528K, committed 23856K, reserved 1071104K
  class space    used 2427K, capacity 2656K, committed 2688K, reserved 1048576K
}
Event: 6.911 GC heap after
{Heap after GC invocations=4 (full 0):
 garbage-first heap   total 262144K, used 19169K [0x0000000700000000, 0x0000000800000000)
  region size 1024K, 6 young (6144K), 6 survivors (6144K)
 Metaspace       used 22959K, capacity 23528K, committed 23856K, reserved 1071104K
  class space    used 2427K, capacity 2656K, committed 2688K, reserved 1048576K
}
Event: 485.420 GC heap before
{Heap before GC invocations=4 (full 0):
 garbage-first heap   total 262144K, used 111329K [0x0000000700000000, 0x0000000800000000)
  region size 1024K, 97 young (99328K), 6 survivors (6144K)
 Metaspace       used 30204K, capacity 30760K, committed 31280K, reserved 1077248K
  class space    used 3974K, capacity 4192K, committed 4224K, reserved 1048576K
}
Event: 485.427 GC heap after
{Heap after GC invocations=5 (full 0):
 garbage-first heap   total 262144K, used 22484K [0x0000000700000000, 0x0000000800000000)
  region size 1024K, 9 young (9216K), 9 survivors (9216K)
 Metaspace       used 30204K, capacity 30760K, committed 31280K, reserved 1077248K
  class space    used 3974K, capacity 4192K, committed 4224K, reserved 1048576K
}

Deoptimization events (20 events):
Event: 1274.847 Thread 0x00007fcd8681d800 Uncommon trap: trap_request=0xffffffbe fr.pc=0x0000000119891484 relative=0x0000000000001044
Event: 1274.847 Thread 0x00007fcd8681d800 Uncommon trap: reason=profile_predicate action=maybe_recompile pc=0x0000000119891484 method=jdk.internal.reflect.UTF8.encode(Ljava/lang/String;)[B @ 20 c2
Event: 1274.847 Thread 0x00007fcd8681d800 DEOPT PACKING pc=0x0000000119891484 sp=0x000070000c8eafc0
Event: 1274.847 Thread 0x00007fcd8681d800 DEOPT UNPACKING pc=0x0000000111cce425 sp=0x000070000c8eaf30 mode 2
Event: 1274.847 Thread 0x00007fcd8681d800 Uncommon trap: trap_request=0xffffffbe fr.pc=0x0000000119893878 relative=0x0000000000000938
Event: 1274.847 Thread 0x00007fcd8681d800 Uncommon trap: reason=profile_predicate action=maybe_recompile pc=0x0000000119893878 method=jdk.internal.reflect.UTF8.encode(Ljava/lang/String;)[B @ 20 c2
Event: 1274.847 Thread 0x00007fcd8681d800 DEOPT PACKING pc=0x0000000119893878 sp=0x000070000c8eaf60
Event: 1274.847 Thread 0x00007fcd8681d800 DEOPT UNPACKING pc=0x0000000111cce425 sp=0x000070000c8eaf30 mode 2
Event: 1274.851 Thread 0x00007fcd8681d800 Uncommon trap: trap_request=0xffffff9f fr.pc=0x0000000119889f20 relative=0x00000000000025a0
Event: 1274.851 Thread 0x00007fcd8681d800 Uncommon trap: reason=unhandled action=none pc=0x0000000119889f20 method=java.io.DataOutputStream.writeUTF(Ljava/lang/String;Ljava/io/DataOutput;)I @ 106 c2
Event: 1274.851 Thread 0x00007fcd8681d800 DEOPT PACKING pc=0x0000000119889f20 sp=0x000070000c8eb310
Event: 1274.851 Thread 0x00007fcd8681d800 DEOPT UNPACKING pc=0x0000000111cce425 sp=0x000070000c8eb330 mode 2
Event: 1274.851 Thread 0x00007fcd8681d800 DEOPT PACKING pc=0x00000001125ac344 sp=0x000070000c8eb3e0
Event: 1274.851 Thread 0x00007fcd8681d800 DEOPT UNPACKING pc=0x0000000111ccebca sp=0x000070000c8ea8b8 mode 1
Event: 1303.304 Thread 0x00007fcd8681d800 Uncommon trap: trap_request=0xffffff9f fr.pc=0x0000000119889f20 relative=0x00000000000025a0
Event: 1303.304 Thread 0x00007fcd8681d800 Uncommon trap: reason=unhandled action=none pc=0x0000000119889f20 method=java.io.DataOutputStream.writeUTF(Ljava/lang/String;Ljava/io/DataOutput;)I @ 106 c2
Event: 1303.304 Thread 0x00007fcd8681d800 DEOPT PACKING pc=0x0000000119889f20 sp=0x000070000c8eb310
Event: 1303.304 Thread 0x00007fcd8681d800 DEOPT UNPACKING pc=0x0000000111cce425 sp=0x000070000c8eb330 mode 2
Event: 1303.304 Thread 0x00007fcd8681d800 DEOPT PACKING pc=0x00000001125ac344 sp=0x000070000c8eb3e0
Event: 1303.304 Thread 0x00007fcd8681d800 DEOPT UNPACKING pc=0x0000000111ccebca sp=0x000070000c8ea8b8 mode 1

Classes redefined (7 events):
Event: 285.944 Thread 0x00007fcd87081000 redefined class name=Likelihood_Detection, count=1
Event: 447.285 Thread 0x00007fcd87081000 redefined class name=Likelihood_Detection, count=2
Event: 485.065 Thread 0x00007fcd87081000 redefined class name=Likelihood_Detection, count=3
Event: 566.401 Thread 0x00007fcd87081000 redefined class name=Likelihood_Detection, count=4
Event: 718.538 Thread 0x00007fcd87081000 redefined class name=Likelihood_Detection, count=5
Event: 851.011 Thread 0x00007fcd87081000 redefined class name=Likelihood_Detection, count=6
Event: 1577.130 Thread 0x00007fcd87081000 redefined class name=Likelihood_Detection, count=7

Internal exceptions (20 events):
Event: 7.469 Thread 0x00007fcd8681d800 Exception <a 'java/lang/ClassNotFoundException'{0x000000070b9b3cc8}: org/texttechnologylab/annotation/Room/ObjectAttribute[]_Type> (0x000000070b9b3cc8) thrown at [./src/hotspot/share/prims/jni.cpp, line 636]
Event: 7.470 Thread 0x00007fcd8681d800 Exception <a 'java/lang/ClassNotFoundException'{0x000000070b9b43f0}: org/texttechnologylab/annotation/Vector[]_Type> (0x000000070b9b43f0) thrown at [./src/hotspot/share/prims/jni.cpp, line 636]
Event: 7.470 Thread 0x00007fcd8681d800 Exception <a 'java/lang/ClassNotFoundException'{0x000000070b9b4b40}: org/texttechnologylab/annotation/SemanticSource[]_Type> (0x000000070b9b4b40) thrown at [./src/hotspot/share/prims/jni.cpp, line 636]
Event: 7.470 Thread 0x00007fcd8681d800 Exception <a 'java/lang/ClassNotFoundException'{0x000000070b9b52a8}: org/texttechnologylab/annotation/score/TextScoreEntry[]_Type> (0x000000070b9b52a8) thrown at [./src/hotspot/share/prims/jni.cpp, line 636]
Event: 7.470 Thread 0x00007fcd8681d800 Exception <a 'java/lang/ClassNotFoundException'{0x000000070b9b5a48}: org/texttechnologylab/annotation/semaf/IsoSpatial/ObjectAttribute[]_Type> (0x000000070b9b5a48) thrown at [./src/hotspot/share/prims/jni.cpp, line 636]
Event: 7.470 Thread 0x00007fcd8681d800 Exception <a 'java/lang/ClassNotFoundException'{0x000000070b9b61b0}: org/texttechnologylab/annotation/semaf/isobase/Entity[]_Type> (0x000000070b9b61b0) thrown at [./src/hotspot/share/prims/jni.cpp, line 636]
Event: 7.470 Thread 0x00007fcd8681d800 Exception <a 'java/lang/ClassNotFoundException'{0x000000070b9b68f8}: org/texttechnologylab/annotation/type/Endpoint[]_Type> (0x000000070b9b68f8) thrown at [./src/hotspot/share/prims/jni.cpp, line 636]
Event: 7.470 Thread 0x00007fcd8681d800 Exception <a 'java/lang/ClassNotFoundException'{0x000000070b9b7070}: org/texttechnologylab/annotation/type/RelationDescription[]_Type> (0x000000070b9b7070) thrown at [./src/hotspot/share/prims/jni.cpp, line 636]
Event: 7.470 Thread 0x00007fcd8681d800 Exception <a 'java/lang/ClassNotFoundException'{0x000000070b9b77d8}: org/texttechnologylab/annotation/type/KnowledgeEntry[]_Type> (0x000000070b9b77d8) thrown at [./src/hotspot/share/prims/jni.cpp, line 636]
Event: 7.470 Thread 0x00007fcd8681d800 Exception <a 'java/lang/ClassNotFoundException'{0x000000070b9b7f18}: org/texttechnologylab/annotation/type/Node[]_Type> (0x000000070b9b7f18) thrown at [./src/hotspot/share/prims/jni.cpp, line 636]
Event: 7.470 Thread 0x00007fcd8681d800 Exception <a 'java/lang/ClassNotFoundException'{0x000000070b9b8640}: de/julielab/jcore/types/AbstractSection[]_Type> (0x000000070b9b8640) thrown at [./src/hotspot/share/prims/jni.cpp, line 636]
Event: 7.470 Thread 0x00007fcd8681d800 Exception <a 'java/lang/ClassNotFoundException'{0x000000070b9b8d58}: de/julielab/jcore/types/DocumentClass[]_Type> (0x000000070b9b8d58) thrown at [./src/hotspot/share/prims/jni.cpp, line 636]
Event: 7.470 Thread 0x00007fcd8681d800 Exception <a 'java/lang/ClassNotFoundException'{0x000000070b9b9478}: de/julielab/jcore/types/DocumentTopics[]_Type> (0x000000070b9b9478) thrown at [./src/hotspot/share/prims/jni.cpp, line 636]
Event: 7.470 Thread 0x00007fcd8681d800 Exception <a 'java/lang/ClassNotFoundException'{0x000000070b9b9b78}: de/julielab/jcore/types/ListItem[]_Type> (0x000000070b9b9b78) thrown at [./src/hotspot/share/prims/jni.cpp, line 636]
Event: 7.470 Thread 0x00007fcd8681d800 Exception <a 'java/lang/ClassNotFoundException'{0x000000070b9ba290}: de/julielab/jcore/types/TextObject[]_Type> (0x000000070b9ba290) thrown at [./src/hotspot/share/prims/jni.cpp, line 636]
Event: 7.470 Thread 0x00007fcd8681d800 Exception <a 'java/lang/ClassNotFoundException'{0x000000070b9baa20}: org/texttechnologylab/annotation/semaf/isospace/SpatialEntity[]_Type> (0x000000070b9baa20) thrown at [./src/hotspot/share/prims/jni.cpp, line 636]
Event: 7.470 Thread 0x00007fcd8681d800 Exception <a 'java/lang/ClassNotFoundException'{0x000000070b9bb188}: org/texttechnologylab/annotation/type/ArgTextSegment[]_Type> (0x000000070b9bb188) thrown at [./src/hotspot/share/prims/jni.cpp, line 636]
Event: 7.470 Thread 0x00007fcd8681d800 Exception <a 'java/lang/ClassNotFoundException'{0x000000070b9bb8c8}: org/texttechnologylab/annotation/type/Edge[]_Type> (0x000000070b9bb8c8) thrown at [./src/hotspot/share/prims/jni.cpp, line 636]
Event: 7.470 Thread 0x00007fcd8681d800 Exception <a 'java/lang/ClassNotFoundException'{0x000000070b9bbfc8}: de/julielab/jcore/types/Footnote[]_Type> (0x000000070b9bbfc8) thrown at [./src/hotspot/share/prims/jni.cpp, line 636]
Event: 7.470 Thread 0x00007fcd8681d800 Exception <a 'java/lang/ClassNotFoundException'{0x000000070b9bc758}: org/texttechnologylab/annotation/semaf/isospace/SpatialSignal[]_Type> (0x000000070b9bc758) thrown at [./src/hotspot/share/prims/jni.cpp, line 636]

Events (20 events):
Event: 1303.186 Executing VM operation: GetStackTrace done
Event: 1303.186 Executing VM operation: GetFrameCount
Event: 1303.186 Executing VM operation: GetFrameCount done
Event: 1303.186 Executing VM operation: GetStackTrace
Event: 1303.186 Executing VM operation: GetStackTrace done
Event: 1565.975 Executing VM operation: ChangeBreakpoints
Event: 1565.979 Executing VM operation: ChangeBreakpoints done
Event: 1566.599 Executing VM operation: ChangeBreakpoints
Event: 1566.599 Executing VM operation: ChangeBreakpoints done
Event: 1577.111 Executing VM operation: RedefineClasses
Event: 1577.133 Executing VM operation: RedefineClasses done
Event: 1577.133 Executing VM operation: GetFrameCount
Event: 1577.133 Executing VM operation: GetFrameCount done
Event: 1577.133 Executing VM operation: GetFrameCount
Event: 1577.133 Executing VM operation: GetFrameCount done
Event: 1577.133 Executing VM operation: GetStackTrace
Event: 1577.134 Executing VM operation: GetStackTrace done
Event: 1577.241 Executing VM operation: ChangeBreakpoints
Event: 1577.243 Executing VM operation: ChangeBreakpoints done
Event: 1577.345 Executing VM operation: GetOrSetLocal


Dynamic libraries:
0x00007fff352e4000 	/System/Library/Frameworks/Cocoa.framework/Versions/A/Cocoa
0x00007fff22509000 	/System/Library/Frameworks/Security.framework/Versions/A/Security
0x00007fff334e1000 	/System/Library/Frameworks/ApplicationServices.framework/Versions/A/ApplicationServices
0x00007fff2a792000 	/usr/lib/libz.1.dylib
0x000000010377d000 	/Users/kangchieh/Library/Java/JavaVirtualMachines/corretto-11.0.11/Contents/Home/lib/jli/libjli.dylib
0x00007fff2a85a000 	/usr/lib/libSystem.B.dylib
0x00007fff22f30000 	/System/Library/Frameworks/AppKit.framework/Versions/C/AppKit
0x00007fff25dc8000 	/System/Library/Frameworks/CoreData.framework/Versions/A/CoreData
0x00007fff2147c000 	/System/Library/Frameworks/Foundation.framework/Versions/C/Foundation
0x00007fff23c93000 	/System/Library/PrivateFrameworks/UIFoundation.framework/Versions/A/UIFoundation
0x00007fff2fec0000 	/System/Library/PrivateFrameworks/RemoteViewServices.framework/Versions/A/RemoteViewServices
0x00007fff28cb9000 	/System/Library/PrivateFrameworks/XCTTargetBootstrap.framework/Versions/A/XCTTargetBootstrap
0x00007fff2b99a000 	/usr/lib/libspindump.dylib
0x00007fff23ee8000 	/System/Library/Frameworks/UniformTypeIdentifiers.framework/Versions/A/UniformTypeIdentifiers
0x00007fff2748f000 	/usr/lib/libapp_launch_measurement.dylib
0x00007fff27492000 	/System/Library/PrivateFrameworks/CoreAutoLayout.framework/Versions/A/CoreAutoLayout
0x00007fff2861b000 	/System/Library/Frameworks/Metal.framework/Versions/A/Metal
0x00007fff2930b000 	/usr/lib/liblangid.dylib
0x00007fff28cbd000 	/System/Library/PrivateFrameworks/CoreSVG.framework/Versions/A/CoreSVG
0x00007fff24ecf000 	/System/Library/PrivateFrameworks/SkyLight.framework/Versions/A/SkyLight
0x00007fff25236000 	/System/Library/Frameworks/CoreGraphics.framework/Versions/A/CoreGraphics
0x00007fff30517000 	/System/Library/Frameworks/Accelerate.framework/Versions/A/Accelerate
0x00007fff2b3d5000 	/System/Library/PrivateFrameworks/IconServices.framework/Versions/A/IconServices
0x00007fff28600000 	/System/Library/Frameworks/IOSurface.framework/Versions/A/IOSurface
0x00007fff26751000 	/usr/lib/libDiagnosticMessagesClient.dylib
0x00007fff28ca5000 	/System/Library/PrivateFrameworks/DFRFoundation.framework/Versions/A/DFRFoundation
0x00007fff2285b000 	/usr/lib/libicucore.A.dylib
0x00007fff2cee1000 	/System/Library/Frameworks/AudioToolbox.framework/Versions/A/AudioToolbox
0x00007fff2c186000 	/System/Library/PrivateFrameworks/DataDetectorsCore.framework/Versions/A/DataDetectorsCore
0x00007fff289a5000 	/System/Library/Frameworks/Carbon.framework/Versions/A/Frameworks/HIToolbox.framework/Versions/A/HIToolbox
0x00007fff26eea000 	/System/Library/Frameworks/QuartzCore.framework/Versions/A/QuartzCore
0x00007fff2fefc000 	/System/Library/Frameworks/Carbon.framework/Versions/A/Frameworks/SpeechRecognition.framework/Versions/A/SpeechRecognition
0x00007fff271f7000 	/System/Library/PrivateFrameworks/CoreUI.framework/Versions/A/CoreUI
0x00007fff21e64000 	/System/Library/Frameworks/CoreAudio.framework/Versions/A/CoreAudio
0x00007fff2683c000 	/System/Library/Frameworks/DiskArbitration.framework/Versions/A/DiskArbitration
0x00007fff2bd95000 	/System/Library/PrivateFrameworks/MultitouchSupport.framework/Versions/A/MultitouchSupport
0x00007fff2c17d000 	/System/Library/PrivateFrameworks/InternationalSupport.framework/Versions/A/InternationalSupport
0x00007fff24e43000 	/usr/lib/libenergytrace.dylib
0x00007fff22e29000 	/System/Library/Frameworks/IOKit.framework/Versions/A/IOKit
0x00007fff30249000 	/System/Library/Frameworks/CoreServices.framework/Versions/A/CoreServices
0x00007fff27425000 	/System/Library/PrivateFrameworks/PerformanceAnalysis.framework/Versions/A/PerformanceAnalysis
0x00007fff6cbb3000 	/System/Library/Frameworks/OpenGL.framework/Versions/A/OpenGL
0x00007fff2c202000 	/System/Library/PrivateFrameworks/UserActivity.framework/Versions/A/UserActivity
0x00007fff204ef000 	/usr/lib/libobjc.A.dylib
0x00007fff258ca000 	/System/Library/Frameworks/ColorSync.framework/Versions/A/ColorSync
0x00007fff206cf000 	/System/Library/Frameworks/CoreFoundation.framework/Versions/A/CoreFoundation
0x00007fff28f22000 	/System/Library/Frameworks/CoreImage.framework/Versions/A/CoreImage
0x00007fff21c7b000 	/System/Library/Frameworks/CoreText.framework/Versions/A/CoreText
0x00007fff28ce7000 	/System/Library/Frameworks/ImageIO.framework/Versions/A/ImageIO
0x00007fff2a860000 	/System/Library/PrivateFrameworks/SoftLinking.framework/Versions/A/SoftLinking
0x00007fff274db000 	/usr/lib/libxml2.2.dylib
0x00007fff205b4000 	/usr/lib/libc++.1.dylib
0x00007fff2aad2000 	/usr/lib/libcompression.dylib
0x00007fff24e44000 	/usr/lib/libMobileGestalt.dylib
0x00007fff2c0b0000 	/System/Library/PrivateFrameworks/TextureIO.framework/Versions/A/TextureIO
0x00007fff2b0f8000 	/usr/lib/libate.dylib
0x00007fff2a854000 	/usr/lib/system/libcache.dylib
0x00007fff2a810000 	/usr/lib/system/libcommonCrypto.dylib
0x00007fff2a83a000 	/usr/lib/system/libcompiler_rt.dylib
0x00007fff2a82f000 	/usr/lib/system/libcopyfile.dylib
0x00007fff203dd000 	/usr/lib/system/libcorecrypto.dylib
0x00007fff204aa000 	/usr/lib/system/libdispatch.dylib
0x00007fff2065e000 	/usr/lib/system/libdyld.dylib
0x00007fff2a84b000 	/usr/lib/system/libkeymgr.dylib
0x00007fff2dc93000 	/usr/lib/system/liblaunch.dylib
0x00007fff2a7ee000 	/usr/lib/system/libmacho.dylib
0x00007fff2a008000 	/usr/lib/system/libquarantine.dylib
0x00007fff2a848000 	/usr/lib/system/libremovefile.dylib
0x00007fff24ea0000 	/usr/lib/system/libsystem_asl.dylib
0x00007fff2038d000 	/usr/lib/system/libsystem_blocks.dylib
0x00007fff2052b000 	/usr/lib/system/libsystem_c.dylib
0x00007fff2a842000 	/usr/lib/system/libsystem_collections.dylib
0x00007fff292fc000 	/usr/lib/system/libsystem_configuration.dylib
0x00007fff285ef000 	/usr/lib/system/libsystem_containermanager.dylib
0x00007fff2a58a000 	/usr/lib/system/libsystem_coreservices.dylib
0x00007fff22abd000 	/usr/lib/system/libsystem_darwin.dylib
0x00007fff2a84c000 	/usr/lib/system/libsystem_dnssd.dylib
0x00007fff20528000 	/usr/lib/system/libsystem_featureflags.dylib
0x00007fff206a3000 	/usr/lib/system/libsystem_info.dylib
0x00007fff2a7a5000 	/usr/lib/system/libsystem_m.dylib
0x00007fff2047d000 	/usr/lib/system/libsystem_malloc.dylib
0x00007fff24e34000 	/usr/lib/system/libsystem_networkextension.dylib
0x00007fff22ed8000 	/usr/lib/system/libsystem_notify.dylib
0x00007fff30147000 	/usr/lib/system/libsystem_product_info_filter.dylib
0x00007fff29300000 	/usr/lib/system/libsystem_sandbox.dylib
0x00007fff2a845000 	/usr/lib/system/libsystem_secinit.dylib
0x00007fff20623000 	/usr/lib/system/libsystem_kernel.dylib
0x00007fff20699000 	/usr/lib/system/libsystem_platform.dylib
0x00007fff20652000 	/usr/lib/system/libsystem_pthread.dylib
0x00007fff2659f000 	/usr/lib/system/libsystem_symptoms.dylib
0x00007fff203c5000 	/usr/lib/system/libsystem_trace.dylib
0x00007fff2a81c000 	/usr/lib/system/libunwind.dylib
0x00007fff2038f000 	/usr/lib/system/libxpc.dylib
0x00007fff2060a000 	/usr/lib/libc++abi.dylib
0x00007fff2a827000 	/usr/lib/liboah.dylib
0x00007fff2aedd000 	/usr/lib/liblzma.5.dylib
0x00007fff21190000 	/System/Library/Frameworks/SystemConfiguration.framework/Versions/A/SystemConfiguration
0x00007fff2a85c000 	/usr/lib/libfakelink.dylib
0x00007fff24996000 	/System/Library/Frameworks/CFNetwork.framework/Versions/A/CFNetwork
0x00007fff2a99c000 	/usr/lib/libarchive.2.dylib
0x00007fff2120e000 	/usr/lib/libCRFSuite.dylib
0x00007fff2a02f000 	/usr/lib/libbsm.0.dylib
0x00007fff24352000 	/usr/lib/libnetwork.dylib
0x00007fff2a861000 	/usr/lib/libpcap.A.dylib
0x00007fff26598000 	/usr/lib/libdns_services.dylib
0x00007fff2aef6000 	/usr/lib/libcoretls_cfhelpers.dylib
0x00007fff2aaa0000 	/usr/lib/libapple_nghttp2.dylib
0x00007fff2a7f4000 	/usr/lib/system/libkxld.dylib
0x00007fff261fe000 	/usr/lib/libsqlite3.dylib
0x00007fff2a56c000 	/System/Library/PrivateFrameworks/AppleFSCompression.framework/Versions/A/AppleFSCompression
0x00007fff2a017000 	/usr/lib/libcoretls.dylib
0x00007fff2aacd000 	/usr/lib/libpam.2.dylib
0x00007fff2aff3000 	/usr/lib/libxar.1.dylib
0x00007fff29307000 	/System/Library/PrivateFrameworks/AppleSystemInfo.framework/Versions/A/AppleSystemInfo
0x00007fff29c5a000 	/System/Library/PrivateFrameworks/IOMobileFramebuffer.framework/Versions/A/IOMobileFramebuffer
0x00007fff2a57c000 	/usr/lib/libbz2.1.0.dylib
0x00007fff2a899000 	/usr/lib/libiconv.2.dylib
0x00007fff2a7ed000 	/usr/lib/libcharset.1.dylib
0x00007fff27461000 	/System/Library/Frameworks/CoreServices.framework/Versions/A/Frameworks/FSEvents.framework/Versions/A/FSEvents
0x00007fff22ac7000 	/System/Library/Frameworks/CoreServices.framework/Versions/A/Frameworks/CarbonCore.framework/Versions/A/CarbonCore
0x00007fff267a1000 	/System/Library/Frameworks/CoreServices.framework/Versions/A/Frameworks/Metadata.framework/Versions/A/Metadata
0x00007fff2a58f000 	/System/Library/Frameworks/CoreServices.framework/Versions/A/Frameworks/OSServices.framework/Versions/A/OSServices
0x00007fff2aa0e000 	/System/Library/Frameworks/CoreServices.framework/Versions/A/Frameworks/SearchKit.framework/Versions/A/SearchKit
0x00007fff26522000 	/System/Library/Frameworks/CoreServices.framework/Versions/A/Frameworks/AE.framework/Versions/A/AE
0x00007fff20b6b000 	/System/Library/Frameworks/CoreServices.framework/Versions/A/Frameworks/LaunchServices.framework/Versions/A/LaunchServices
0x00007fff2ae8e000 	/System/Library/Frameworks/CoreServices.framework/Versions/A/Frameworks/DictionaryServices.framework/Versions/A/DictionaryServices
0x00007fff2746a000 	/System/Library/Frameworks/CoreServices.framework/Versions/A/Frameworks/SharedFileList.framework/Versions/A/SharedFileList
0x00007fff2a00b000 	/usr/lib/libCheckFix.dylib
0x00007fff24eb7000 	/System/Library/PrivateFrameworks/TCC.framework/Versions/A/TCC
0x00007fff2930d000 	/System/Library/PrivateFrameworks/CoreNLP.framework/Versions/A/CoreNLP
0x00007fff26754000 	/System/Library/PrivateFrameworks/MetadataUtilities.framework/Versions/A/MetadataUtilities
0x00007fff21244000 	/usr/lib/libmecabra.dylib
0x00007fff2a31e000 	/System/Library/Frameworks/MLCompute.framework/Versions/A/MLCompute
0x00007fff2a040000 	/usr/lib/libmecab.dylib
0x00007fff2a08a000 	/usr/lib/libgermantok.dylib
0x00007fff2aa76000 	/usr/lib/libThaiTokenizer.dylib
0x00007fff2b02e000 	/usr/lib/libChineseTokenizer.dylib
0x00007fff2aacb000 	/System/Library/Frameworks/MetalPerformanceShaders.framework/Versions/A/MetalPerformanceShaders
0x00007fff26843000 	/System/Library/Frameworks/Accelerate.framework/Versions/A/Frameworks/vImage.framework/Versions/A/vImage
0x00007fff30222000 	/System/Library/Frameworks/Accelerate.framework/Versions/A/Frameworks/vecLib.framework/Versions/A/vecLib
0x00007fff2b039000 	/System/Library/Frameworks/Accelerate.framework/Versions/A/Frameworks/vecLib.framework/Versions/A/libvMisc.dylib
0x00007fff29a73000 	/System/Library/Frameworks/Accelerate.framework/Versions/A/Frameworks/vecLib.framework/Versions/A/libvDSP.dylib
0x00007fff20e6f000 	/System/Library/Frameworks/Accelerate.framework/Versions/A/Frameworks/vecLib.framework/Versions/A/libBLAS.dylib
0x00007fff2aaf1000 	/System/Library/Frameworks/Accelerate.framework/Versions/A/Frameworks/vecLib.framework/Versions/A/libLAPACK.dylib
0x00007fff2a090000 	/System/Library/Frameworks/Accelerate.framework/Versions/A/Frameworks/vecLib.framework/Versions/A/libLinearAlgebra.dylib
0x00007fff2aab8000 	/System/Library/Frameworks/Accelerate.framework/Versions/A/Frameworks/vecLib.framework/Versions/A/libSparseBLAS.dylib
0x00007fff2aaeb000 	/System/Library/Frameworks/Accelerate.framework/Versions/A/Frameworks/vecLib.framework/Versions/A/libQuadrature.dylib
0x00007fff293b5000 	/System/Library/Frameworks/Accelerate.framework/Versions/A/Frameworks/vecLib.framework/Versions/A/libBNNS.dylib
0x00007fff21121000 	/System/Library/Frameworks/Accelerate.framework/Versions/A/Frameworks/vecLib.framework/Versions/A/libSparse.dylib
0x00007fff292a0000 	/System/Library/Frameworks/MetalPerformanceShaders.framework/Versions/A/Frameworks/MPSCore.framework/Versions/A/MPSCore
0x00007fff2a4db000 	/System/Library/Frameworks/MetalPerformanceShaders.framework/Versions/A/Frameworks/MPSImage.framework/Versions/A/MPSImage
0x00007fff2a0a6000 	/System/Library/Frameworks/MetalPerformanceShaders.framework/Versions/A/Frameworks/MPSNeuralNetwork.framework/Versions/A/MPSNeuralNetwork
0x00007fff2a466000 	/System/Library/Frameworks/MetalPerformanceShaders.framework/Versions/A/Frameworks/MPSMatrix.framework/Versions/A/MPSMatrix
0x00007fff2a2ce000 	/System/Library/Frameworks/MetalPerformanceShaders.framework/Versions/A/Frameworks/MPSRayIntersector.framework/Versions/A/MPSRayIntersector
0x00007fff2a49d000 	/System/Library/Frameworks/MetalPerformanceShaders.framework/Versions/A/Frameworks/MPSNDArray.framework/Versions/A/MPSNDArray
0x00007fff20d9b000 	/System/Library/PrivateFrameworks/MetalTools.framework/Versions/A/MetalTools
0x00007fff29305000 	/System/Library/PrivateFrameworks/AggregateDictionary.framework/Versions/A/AggregateDictionary
0x00007fff2672c000 	/System/Library/PrivateFrameworks/CoreAnalytics.framework/Versions/A/CoreAnalytics
0x00007fff2aa78000 	/System/Library/PrivateFrameworks/AppleSauce.framework/Versions/A/AppleSauce
0x00007fff28612000 	/System/Library/PrivateFrameworks/IOAccelerator.framework/Versions/A/IOAccelerator
0x00007fff6cba7000 	/System/Library/Frameworks/OpenGL.framework/Versions/A/Libraries/libCoreFSCache.dylib
0x00007fff217e0000 	/System/Library/PrivateFrameworks/LanguageModeling.framework/Versions/A/LanguageModeling
0x00007fff29c47000 	/System/Library/PrivateFrameworks/CoreEmoji.framework/Versions/A/CoreEmoji
0x00007fff293ae000 	/System/Library/PrivateFrameworks/LinguisticData.framework/Versions/A/LinguisticData
0x00007fff210d3000 	/System/Library/PrivateFrameworks/Lexicon.framework/Versions/A/Lexicon
0x00007fff2a98a000 	/usr/lib/libcmph.dylib
0x00007fff27441000 	/System/Library/Frameworks/OpenDirectory.framework/Versions/A/Frameworks/CFOpenDirectory.framework/Versions/A/CFOpenDirectory
0x00007fff27431000 	/System/Library/Frameworks/OpenDirectory.framework/Versions/A/OpenDirectory
0x00007fff2aef8000 	/System/Library/PrivateFrameworks/APFS.framework/Versions/A/APFS
0x00007fff29f6c000 	/System/Library/Frameworks/SecurityFoundation.framework/Versions/A/SecurityFoundation
0x00007fff2b001000 	/usr/lib/libutil.dylib
0x00007fff22dee000 	/System/Library/PrivateFrameworks/CoreServicesStore.framework/Versions/A/CoreServicesStore
0x00007fff2a003000 	/System/Library/Frameworks/ServiceManagement.framework/Versions/A/ServiceManagement
0x00007fff2b005000 	/usr/lib/libxslt.1.dylib
0x00007fff29ff9000 	/System/Library/PrivateFrameworks/BackgroundTaskManagement.framework/Versions/A/BackgroundTaskManagement
0x00007fff2bffa000 	/System/Library/Frameworks/ImageIO.framework/Versions/A/Resources/libRadiance.dylib
0x00007fff2c004000 	/System/Library/Frameworks/ImageIO.framework/Versions/A/Resources/libJPEG.dylib
0x00007fff2bf4f000 	/System/Library/Frameworks/ImageIO.framework/Versions/A/Resources/libPng.dylib
0x00007fff2bf76000 	/System/Library/Frameworks/ImageIO.framework/Versions/A/Resources/libTIFF.dylib
0x00007fff2c059000 	/System/Library/Frameworks/ImageIO.framework/Versions/A/Resources/libGIF.dylib
0x00007fff2bcb2000 	/System/Library/Frameworks/ImageIO.framework/Versions/A/Resources/libJP2.dylib
0x00007fff2b39c000 	/usr/lib/libexpat.1.dylib
0x00007fff2bc67000 	/System/Library/PrivateFrameworks/AppleJPEG.framework/Versions/A/AppleJPEG
0x00007fff28848000 	/System/Library/PrivateFrameworks/FontServices.framework/libFontParser.dylib
0x00007fff264d6000 	/System/Library/PrivateFrameworks/RunningBoardServices.framework/Versions/A/RunningBoardServices
0x00007fff2bd91000 	/System/Library/PrivateFrameworks/WatchdogClient.framework/Versions/A/WatchdogClient
0x00007fff218cd000 	/System/Library/Frameworks/CoreDisplay.framework/Versions/A/CoreDisplay
0x00007fff2875e000 	/System/Library/Frameworks/CoreMedia.framework/Versions/A/CoreMedia
0x00007fff275be000 	/System/Library/Frameworks/CoreVideo.framework/Versions/A/CoreVideo
0x00007fff2bdc9000 	/System/Library/Frameworks/VideoToolbox.framework/Versions/A/VideoToolbox
0x00007fff26454000 	/System/Library/PrivateFrameworks/BaseBoard.framework/Versions/A/BaseBoard
0x00007fff2b4e1000 	/System/Library/PrivateFrameworks/PersistentConnection.framework/Versions/A/PersistentConnection
0x00007fff261e7000 	/System/Library/PrivateFrameworks/ProtocolBuffer.framework/Versions/A/ProtocolBuffer
0x00007fff2643b000 	/System/Library/PrivateFrameworks/CommonUtilities.framework/Versions/A/CommonUtilities
0x00007fff2bbfc000 	/System/Library/PrivateFrameworks/Bom.framework/Versions/A/Bom
0x00007fff2bff3000 	/System/Library/PrivateFrameworks/GPUWrangler.framework/Versions/A/GPUWrangler
0x00007fff2bfd6000 	/System/Library/PrivateFrameworks/IOPresentment.framework/Versions/A/IOPresentment
0x00007fff2bffe000 	/System/Library/PrivateFrameworks/DSExternalDisplay.framework/Versions/A/DSExternalDisplay
0x00007fff2c05e000 	/System/Library/PrivateFrameworks/CMCaptureCore.framework/Versions/A/CMCaptureCore
0x00007fff2b981000 	/System/Library/PrivateFrameworks/AppServerSupport.framework/Versions/A/AppServerSupport
0x00007fff2da32000 	/System/Library/PrivateFrameworks/perfdata.framework/Versions/A/perfdata
0x00007fff29f5b000 	/System/Library/PrivateFrameworks/AssertionServices.framework/Versions/A/AssertionServices
0x00007fff21a04000 	/System/Library/PrivateFrameworks/AudioToolboxCore.framework/Versions/A/AudioToolboxCore
0x00007fff28741000 	/System/Library/PrivateFrameworks/caulk.framework/Versions/A/caulk
0x00007fff3d6dd000 	/System/Library/PrivateFrameworks/SystemPolicy.framework/Versions/A/SystemPolicy
0x00007fff2b191000 	/usr/lib/libIOReport.dylib
0x00007fff2d254000 	/usr/lib/libSMC.dylib
0x00007fff2bf1c000 	/usr/lib/libAudioToolboxUtility.dylib
0x00007fff3e047000 	/usr/lib/libmis.dylib
0x00007fff6cc03000 	/System/Library/Frameworks/OpenGL.framework/Versions/A/Libraries/libGLU.dylib
0x00007fff6cbc6000 	/System/Library/Frameworks/OpenGL.framework/Versions/A/Libraries/libGFXShared.dylib
0x00007fff6cdd5000 	/System/Library/Frameworks/OpenGL.framework/Versions/A/Libraries/libGL.dylib
0x00007fff6cbcf000 	/System/Library/Frameworks/OpenGL.framework/Versions/A/Libraries/libGLImage.dylib
0x00007fff6cbc3000 	/System/Library/Frameworks/OpenGL.framework/Versions/A/Libraries/libCVMSPluginSupport.dylib
0x00007fff6cbae000 	/System/Library/Frameworks/OpenGL.framework/Versions/A/Libraries/libCoreVMClient.dylib
0x00007fff6e216000 	/System/Library/Frameworks/OpenCL.framework/Versions/A/OpenCL
0x00007fff2b50b000 	/System/Library/PrivateFrameworks/GraphVisualizer.framework/Versions/A/GraphVisualizer
0x00007fff2b51a000 	/System/Library/PrivateFrameworks/FaceCore.framework/Versions/A/FaceCore
0x00007fff2b936000 	/System/Library/PrivateFrameworks/OTSVG.framework/Versions/A/OTSVG
0x00007fff271b5000 	/System/Library/Frameworks/ApplicationServices.framework/Versions/A/Frameworks/ATS.framework/Versions/A/Resources/libFontRegistry.dylib
0x00007fff2b988000 	/System/Library/PrivateFrameworks/FontServices.framework/libhvf.dylib
0x00007fff2b348000 	/System/Library/PrivateFrameworks/AppleVA.framework/Versions/A/AppleVA
0x00007fff2d09d000 	/System/Library/Frameworks/ApplicationServices.framework/Versions/A/Frameworks/ATS.framework/Versions/A/ATS
0x00007fff2d3af000 	/System/Library/Frameworks/ApplicationServices.framework/Versions/A/Frameworks/ColorSyncLegacy.framework/Versions/A/ColorSyncLegacy
0x00007fff259c1000 	/System/Library/Frameworks/ApplicationServices.framework/Versions/A/Frameworks/HIServices.framework/Versions/A/HIServices
0x00007fff2d394000 	/System/Library/Frameworks/ApplicationServices.framework/Versions/A/Frameworks/LangAnalysis.framework/Versions/A/LangAnalysis
0x00007fff2c068000 	/System/Library/Frameworks/ApplicationServices.framework/Versions/A/Frameworks/PrintCore.framework/Versions/A/PrintCore
0x00007fff2d3b7000 	/System/Library/Frameworks/ApplicationServices.framework/Versions/A/Frameworks/QD.framework/Versions/A/QD
0x00007fff2d08d000 	/System/Library/Frameworks/ApplicationServices.framework/Versions/A/Frameworks/SpeechSynthesis.framework/Versions/A/SpeechSynthesis
0x00007fff2c029000 	/System/Library/Frameworks/ApplicationServices.framework/Versions/A/Frameworks/ATSUI.framework/Versions/A/ATSUI
0x00007fff2d334000 	/usr/lib/libcups.2.dylib
0x00007fff2d3a4000 	/System/Library/PrivateFrameworks/NetAuth.framework/Versions/A/NetAuth
0x00007fff2da4e000 	/System/Library/Frameworks/Kerberos.framework/Versions/A/Kerberos
0x00007fff2da5e000 	/System/Library/Frameworks/GSS.framework/Versions/A/GSS
0x00007fff2d109000 	/usr/lib/libresolv.9.dylib
0x00007fff2b99d000 	/System/Library/PrivateFrameworks/Heimdal.framework/Versions/A/Heimdal
0x00007fff337e2000 	/System/Library/Frameworks/Kerberos.framework/Versions/A/Libraries/libHeimdalProxy.dylib
0x00007fff265a7000 	/System/Library/Frameworks/Network.framework/Versions/A/Network
0x00007fff2b3b6000 	/usr/lib/libheimdal-asn1.dylib
0x00007fff2daae000 	/System/Library/PrivateFrameworks/CommonAuth.framework/Versions/A/CommonAuth
0x00007fff2760b000 	/System/Library/PrivateFrameworks/login.framework/Versions/A/Frameworks/loginsupport.framework/Versions/A/loginsupport
0x00007fff2d012000 	/System/Library/PrivateFrameworks/AudioSession.framework/Versions/A/AudioSession
0x00007fff2d07a000 	/usr/lib/libAudioStatistics.dylib
0x00007fff2b443000 	/System/Library/PrivateFrameworks/MediaExperience.framework/Versions/A/MediaExperience
0x00007fff2ceaf000 	/System/Library/PrivateFrameworks/AudioSession.framework/libSessionUtility.dylib
0x00007fff2da3f000 	/usr/lib/libperfcheck.dylib
0x00007fff2d3c3000 	/System/Library/PrivateFrameworks/AudioResourceArbitration.framework/Versions/A/AudioResourceArbitration
0x00007fff2b3c0000 	/System/Library/PrivateFrameworks/IconFoundation.framework/Versions/A/IconFoundation
0x00007fff2feec000 	/System/Library/PrivateFrameworks/SpeechRecognitionCore.framework/Versions/A/SpeechRecognitionCore
0x00007fff5dfca000 	/System/Library/CoreServices/Encodings/libTraditionalChineseConverter.dylib
0x0000000107800000 	/Users/kangchieh/Library/Java/JavaVirtualMachines/corretto-11.0.11/Contents/Home/lib/server/libjvm.dylib
0x00000001037a7000 	/Users/kangchieh/Library/Java/JavaVirtualMachines/corretto-11.0.11/Contents/Home/lib/libverify.dylib
0x00000001037b9000 	/Users/kangchieh/Library/Java/JavaVirtualMachines/corretto-11.0.11/Contents/Home/lib/libjava.dylib
0x00000001037e5000 	/Users/kangchieh/Library/Java/JavaVirtualMachines/corretto-11.0.11/Contents/Home/lib/libjimage.dylib
0x000000010861e000 	/Users/kangchieh/Library/Java/JavaVirtualMachines/corretto-11.0.11/Contents/Home/lib/libjdwp.dylib
0x000000010865c000 	/Users/kangchieh/Library/Java/JavaVirtualMachines/corretto-11.0.11/Contents/Home/lib/libinstrument.dylib
0x00000001086ad000 	/Users/kangchieh/Library/Java/JavaVirtualMachines/corretto-11.0.11/Contents/Home/lib/libzip.dylib
0x00000001118b5000 	/Users/kangchieh/Library/Java/JavaVirtualMachines/corretto-11.0.11/Contents/Home/lib/libdt_socket.dylib
0x00000001118bf000 	/Users/kangchieh/Library/Java/JavaVirtualMachines/corretto-11.0.11/Contents/Home/lib/libnio.dylib
0x00000001118d2000 	/Users/kangchieh/Library/Java/JavaVirtualMachines/corretto-11.0.11/Contents/Home/lib/libnet.dylib
0x0000000111aec000 	/Users/kangchieh/Library/Java/JavaVirtualMachines/corretto-11.0.11/Contents/Home/lib/libmanagement.dylib
0x0000000111af6000 	/Users/kangchieh/Library/Java/JavaVirtualMachines/corretto-11.0.11/Contents/Home/lib/libmanagement_ext.dylib


VM Arguments:
jvm_args: -agentlib:jdwp=transport=dt_socket,address=127.0.0.1:52764,suspend=y,server=n -ea -Didea.test.cyclic.buffer.size=1048576 -javaagent:/Users/kangchieh/Library/Caches/JetBrains/IdeaIC2021.1/captureAgent/debugger-agent.jar -Dfile.encoding=UTF-8 
java_command: com.intellij.rt.junit.JUnitStarter -ideVersion5 -junit4 Likelihood_Detection
java_class_path (initial): /Applications/IntelliJ IDEA CE.app/Contents/lib/idea_rt.jar:/Applications/IntelliJ IDEA CE.app/Contents/plugins/junit/lib/junit5-rt.jar:/Applications/IntelliJ IDEA CE.app/Contents/plugins/junit/lib/junit-rt.jar:/Users/kangchieh/textimager-uima/JuliLab/target/test-classes:/Users/kangchieh/textimager-uima/JuliLab/src/resource/jar_files/jcore-jpos-ae-2.5.0.jar:/Users/kangchieh/textimager-uima/textimager-uima-base-annotators/target/classes:/Users/kangchieh/textimager-uima/textimager-uima-types/target/classes:/Users/kangchieh/.m2/repository/black/ninia/jep/3.9.1/jep-3.9.1.jar:/Users/kangchieh/.m2/repository/org/json/json/20180130/json-20180130.jar:/Users/kangchieh/textimager-uima/textimager-uima-util/target/classes:/Users/kangchieh/textimager-uima/textimager-uima-heideltime/target/classes:/Users/kangchieh/.m2/repository/com/github/heideltime/heideltime/2.2.1/heideltime-2.2.1.jar:/Users/kangchieh/.m2/repository/com/github/texttechnologylab/UIMATypeSystem/1e0f6c526f/UIMATypeSystem-1e0f6c526f.jar:/Users/kangchieh/.m2/repository/org/apache/uima/uimaj-json/2.10.3/uimaj-json-2.10.3.jar:/Users/kangchieh/.m2/repository/org/zeroturnaround/zt-exec/1.11/zt-exec-1.11.jar:/Users/kangchieh/.m2/repository/org/junit/jupiter/junit-jupiter-api/5.3.2/junit-jupiter-api-5.3.2.jar:/Users/kangchieh/.m2/repository/org/apiguardian/apiguardian-api/1.0.0/apiguardian-api-1.0.0.jar:/Users/kangchieh/.m2/repository/org/opentest4j/opentest4j/1.1.1/opentest4j-1.1.1.jar:/Users/kangchieh/.m2/repository/org/junit/platform/junit-platform-commons/1.3.2/junit-platform-commons-1.3.2.jar:/Users/kangchieh/.m2/repository/com/github/texttechnologylab/Utilities/1.1.1-uima-2.10.4/Utilities-1.1.1-uima-2.10.4.jar:/Users/kangchieh/.m2/repository/com/goebl/david-webb/1.3.0/david-webb-1.3.0.jar:/Users/kangchieh/.m2/repository/org/apache/httpcomponents/httpclient/4.5.13/httpclient-4.5.13.jar:/Users/kangchieh/.m2/repository/org/apache/httpcomponents/httpcore/4.4.13/httpcore-4.4.13.jar:/Users/ka
Launcher Type: SUN_STANDARD

[Global flags]
     intx CICompilerCount                          = 4                                         {product} {ergonomic}
     uint ConcGCThreads                            = 2                                         {product} {ergonomic}
     uint G1ConcRefinementThreads                  = 8                                         {product} {ergonomic}
   size_t G1HeapRegionSize                         = 1048576                                   {product} {ergonomic}
    uintx GCDrainStackTargetSize                   = 64                                        {product} {ergonomic}
   size_t InitialHeapSize                          = 268435456                                 {product} {ergonomic}
   size_t MarkStackSize                            = 4194304                                   {product} {ergonomic}
   size_t MaxHeapSize                              = 4294967296                                {product} {ergonomic}
   size_t MaxNewSize                               = 2576351232                                {product} {ergonomic}
   size_t MinHeapDeltaBytes                        = 1048576                                   {product} {ergonomic}
    uintx NonNMethodCodeHeapSize                   = 5836300                                {pd product} {ergonomic}
    uintx NonProfiledCodeHeapSize                  = 122910970                              {pd product} {ergonomic}
    uintx ProfiledCodeHeapSize                     = 122910970                              {pd product} {ergonomic}
    uintx ReservedCodeCacheSize                    = 251658240                              {pd product} {ergonomic}
     bool SegmentedCodeCache                       = true                                      {product} {ergonomic}
     bool UseCompressedClassPointers               = true                                 {lp64_product} {ergonomic}
     bool UseCompressedOops                        = true                                 {lp64_product} {ergonomic}
     bool UseG1GC                                  = true                                      {product} {ergonomic}

Logging:
Log output configuration:
 #0: stdout all=warning uptime,level,tags
 #1: stderr all=off uptime,level,tags

Environment Variables:
PATH=/Users/kangchieh/opt/anaconda3/bin:/opt/anaconda3/condabin:/miniconda3/bin:/Library/Frameworks/Python.framework/Versions/3.7/bin:/usr/local/bin:/usr/bin:/bin:/usr/sbin:/sbin:/Library/TeX/texbin:/Library/Apple/usr/bin
SHELL=/bin/bash
LC_CTYPE=UTF-8

Signal Handlers:
SIGSEGV: [libjvm.dylib+0x7d868a], sa_mask[0]=11111111011111110111111111111111, sa_flags=SA_ONSTACK|SA_RESTART|SA_SIGINFO
SIGBUS: [libjvm.dylib+0x7d868a], sa_mask[0]=11111111011111110111111111111111, sa_flags=SA_RESTART|SA_SIGINFO
SIGFPE: [libjvm.dylib+0x7d868a], sa_mask[0]=11111111011111110111111111111111, sa_flags=SA_RESTART|SA_SIGINFO
SIGPIPE: [libjvm.dylib+0x62ff02], sa_mask[0]=11111111011111110111111111111111, sa_flags=SA_RESTART|SA_SIGINFO
SIGXFSZ: [libjvm.dylib+0x62ff02], sa_mask[0]=11111111011111110111111111111111, sa_flags=SA_RESTART|SA_SIGINFO
SIGILL: [libjvm.dylib+0x7d868a], sa_mask[0]=11111111011111110111111111111111, sa_flags=SA_RESTART|SA_SIGINFO
SIGUSR2: [libjvm.dylib+0x630500], sa_mask[0]=00100000000000000000000000000000, sa_flags=SA_RESTART|SA_SIGINFO
SIGHUP: [libjvm.dylib+0x62f03b], sa_mask[0]=11111111011111110111111111111111, sa_flags=SA_RESTART|SA_SIGINFO
SIGINT: [libjvm.dylib+0x62f03b], sa_mask[0]=11111111011111110111111111111111, sa_flags=SA_RESTART|SA_SIGINFO
SIGTERM: [libjvm.dylib+0x62f03b], sa_mask[0]=11111111011111110111111111111111, sa_flags=SA_RESTART|SA_SIGINFO
SIGQUIT: [libjvm.dylib+0x62f03b], sa_mask[0]=11111111011111110111111111111111, sa_flags=SA_RESTART|SA_SIGINFO


---------------  S Y S T E M  ---------------

OS:uname:Darwin 20.3.0 Darwin Kernel Version 20.3.0: Thu Jan 21 00:07:06 PST 2021; root:xnu-7195.81.3~1/RELEASE_X86_64 x86_64
OS uptime: 0 days 6:25 hours
rlimit (soft/hard): STACK 8192k/65532k , CORE 0k/infinity , NPROC 2784/4176 , NOFILE 10240/infinity , AS infinity/infinity , CPU infinity/infinity , DATA infinity/infinity , FSIZE infinity/infinity , MEMLOCK infinity/infinity , RSS infinity/infinity
load average:4.01 2.41 2.09

CPU:total 8 (initial active 8) (4 cores per cpu, 2 threads per core) family 6 model 142 stepping 10 microcode 0xe0, cmov, cx8, fxsr, mmx, sse, sse2, sse3, ssse3, sse4.1, sse4.2, popcnt, avx, avx2, aes, clmul, erms, 3dnowpref, lzcnt, ht, tsc, tscinvbit, bmi1, bmi2, adx, fma

Memory: 4k page, physical 16777216k(146224k free), swap 0k(0k free)

vm_info: OpenJDK 64-Bit Server VM (11.0.11+9-LTS) for bsd-amd64 JRE (11.0.11+9-LTS), built on Apr 16 2021 10:18:40 by "corretto" with gcc 4.2.1 Compatible Apple LLVM 8.0.0 (clang-800.0.42.1)

END.
